  main.cpp
  ofApp.cpp
  Info: Boost.Config is older than your compiler version - probably nothing bad will happen - but you may wish to look for an update Boost version.  Define BOOST_CONFIG_SUPPRESS_OUTDATED_MESSAGE to suppress this message.
  Info: Boost.Config is older than your compiler version - probably nothing bad will happen - but you may wish to look for an update Boost version.  Define BOOST_CONFIG_SUPPRESS_OUTDATED_MESSAGE to suppress this message.
C:\Users\tado\Documents\of_v0.11.2_vs2017_release\libs\openFrameworks\math\ofMatrix4x4.h(326,20): warning C4267: 'argument': conversion from 'size_t' to 'int', possible loss of data (compiling source file src\main.cpp)
C:\Users\tado\Documents\of_v0.11.2_vs2017_release\libs\openFrameworks\math\ofMatrix4x4.h(331,20): warning C4267: 'argument': conversion from 'size_t' to 'int', possible loss of data (compiling source file src\main.cpp)
C:\Users\tado\Documents\of_v0.11.2_vs2017_release\libs\openFrameworks\math\ofMatrix4x4.h(326,20): warning C4267: 'argument': conversion from 'size_t' to 'int', possible loss of data (compiling source file src\ofApp.cpp)
C:\Users\tado\Documents\of_v0.11.2_vs2017_release\libs\openFrameworks\math\ofMatrix4x4.h(331,20): warning C4267: 'argument': conversion from 'size_t' to 'int', possible loss of data (compiling source file src\ofApp.cpp)
C:\Users\tado\Documents\of_v0.11.2_vs2017_release\libs\openFrameworks\math\ofMatrix4x4.h(912,11): warning C4267: 'argument': conversion from 'size_t' to 'int', possible loss of data (compiling source file src\main.cpp)
C:\Users\tado\Documents\of_v0.11.2_vs2017_release\libs\openFrameworks\math\ofMatrix4x4.h(913,11): warning C4267: 'argument': conversion from 'size_t' to 'int', possible loss of data (compiling source file src\main.cpp)
C:\Users\tado\Documents\of_v0.11.2_vs2017_release\libs\openFrameworks\math\ofMatrix4x4.h(914,11): warning C4267: 'argument': conversion from 'size_t' to 'int', possible loss of data (compiling source file src\main.cpp)
C:\Users\tado\Documents\of_v0.11.2_vs2017_release\libs\openFrameworks\math\ofMatrix4x4.h(915,11): warning C4267: 'argument': conversion from 'size_t' to 'int', possible loss of data (compiling source file src\main.cpp)
C:\Users\tado\Documents\of_v0.11.2_vs2017_release\libs\openFrameworks\math\ofMatrix4x4.h(912,11): warning C4267: 'argument': conversion from 'size_t' to 'int', possible loss of data (compiling source file src\ofApp.cpp)
C:\Users\tado\Documents\of_v0.11.2_vs2017_release\libs\openFrameworks\math\ofMatrix4x4.h(913,11): warning C4267: 'argument': conversion from 'size_t' to 'int', possible loss of data (compiling source file src\ofApp.cpp)
C:\Users\tado\Documents\of_v0.11.2_vs2017_release\libs\openFrameworks\math\ofMatrix4x4.h(914,11): warning C4267: 'argument': conversion from 'size_t' to 'int', possible loss of data (compiling source file src\ofApp.cpp)
C:\Users\tado\Documents\of_v0.11.2_vs2017_release\libs\openFrameworks\math\ofMatrix4x4.h(915,11): warning C4267: 'argument': conversion from 'size_t' to 'int', possible loss of data (compiling source file src\ofApp.cpp)
C:\Users\tado\Documents\of_v0.11.2_vs2017_release\apps\07_ofxCv\03_faceFollow\src\ofApp.cpp(27,19): warning C4018: '<': signed/unsigned mismatch
C:\Users\tado\Documents\of_v0.11.2_vs2017_release\addons\ofxCv\libs\ofxCv\include\ofxCv\Tracker.h(168,9): warning C4267: 'initializing': conversion from 'size_t' to 'int', possible loss of data (compiling source file src\main.cpp)
C:\Users\tado\Documents\of_v0.11.2_vs2017_release\addons\ofxCv\libs\ofxCv\include\ofxCv\Tracker.h(166,84): message : while compiling class template member function 'const std::vector<std::_Vbase,std::allocator<std::_Vbase>> &ofxCv::Tracker<cv::Rect>::track(const std::vector<cv::Rect,std::allocator<cv::Rect>> &)' (compiling source file src\main.cpp)
C:\Users\tado\Documents\of_v0.11.2_vs2017_release\addons\ofxCv\libs\ofxCv\include\ofxCv\Tracker.h(324,37): message : see the first reference to 'ofxCv::Tracker<cv::Rect>::track' in 'ofxCv::RectTracker::track' (compiling source file src\main.cpp)
C:\Users\tado\Documents\of_v0.11.2_vs2017_release\addons\ofxCv\libs\ofxCv\include\ofxCv\Tracker.h(309,29): message : see reference to class template instantiation 'ofxCv::Tracker<cv::Rect>' being compiled (compiling source file src\main.cpp)
C:\Users\tado\Documents\of_v0.11.2_vs2017_release\addons\ofxCv\libs\ofxCv\include\ofxCv\Tracker.h(169,9): warning C4267: 'initializing': conversion from 'size_t' to 'int', possible loss of data (compiling source file src\main.cpp)
C:\Users\tado\Documents\of_v0.11.2_vs2017_release\addons\ofxCv\libs\ofxCv\include\ofxCv\Tracker.h(202,15): warning C4267: 'initializing': conversion from 'size_t' to 'int', possible loss of data (compiling source file src\main.cpp)
C:\Users\tado\Documents\of_v0.11.2_vs2017_release\addons\ofxCv\libs\ofxCv\include\ofxCv\Tracker.h(214,15): warning C4267: 'initializing': conversion from 'size_t' to 'int', possible loss of data (compiling source file src\main.cpp)
C:\Users\tado\Documents\of_v0.11.2_vs2017_release\addons\ofxCv\libs\ofxCv\include\ofxCv\Tracker.h(168,9): warning C4267: 'initializing': conversion from 'size_t' to 'int', possible loss of data (compiling source file src\ofApp.cpp)
C:\Users\tado\Documents\of_v0.11.2_vs2017_release\addons\ofxCv\libs\ofxCv\include\ofxCv\Tracker.h(166,84): message : while compiling class template member function 'const std::vector<std::_Vbase,std::allocator<std::_Vbase>> &ofxCv::Tracker<cv::Rect>::track(const std::vector<cv::Rect,std::allocator<cv::Rect>> &)' (compiling source file src\ofApp.cpp)
C:\Users\tado\Documents\of_v0.11.2_vs2017_release\addons\ofxCv\libs\ofxCv\include\ofxCv\Tracker.h(324,37): message : see the first reference to 'ofxCv::Tracker<cv::Rect>::track' in 'ofxCv::RectTracker::track' (compiling source file src\ofApp.cpp)
C:\Users\tado\Documents\of_v0.11.2_vs2017_release\addons\ofxCv\libs\ofxCv\include\ofxCv\Tracker.h(309,29): message : see reference to class template instantiation 'ofxCv::Tracker<cv::Rect>' being compiled (compiling source file src\ofApp.cpp)
C:\Users\tado\Documents\of_v0.11.2_vs2017_release\addons\ofxCv\libs\ofxCv\include\ofxCv\Tracker.h(169,9): warning C4267: 'initializing': conversion from 'size_t' to 'int', possible loss of data (compiling source file src\ofApp.cpp)
C:\Users\tado\Documents\of_v0.11.2_vs2017_release\addons\ofxCv\libs\ofxCv\include\ofxCv\Tracker.h(202,15): warning C4267: 'initializing': conversion from 'size_t' to 'int', possible loss of data (compiling source file src\ofApp.cpp)
C:\Users\tado\Documents\of_v0.11.2_vs2017_release\addons\ofxCv\libs\ofxCv\include\ofxCv\Tracker.h(214,15): warning C4267: 'initializing': conversion from 'size_t' to 'int', possible loss of data (compiling source file src\ofApp.cpp)
C:\Users\tado\Documents\of_v0.11.2_vs2017_release\addons\ofxCv\libs\ofxCv\include\ofxCv\Utilities.h(245,47): warning C4267: 'argument': conversion from 'size_t' to 'int', possible loss of data (compiling source file src\ofApp.cpp)
C:\Users\tado\Documents\of_v0.11.2_vs2017_release\addons\ofxCv\libs\ofxCv\include\ofxCv\Utilities.h(253,10): message : see reference to function template instantiation 'cv::Mat ofxCv::toCv<unsigned char>(ofPixels_<unsigned char> &)' being compiled (compiling source file src\ofApp.cpp)
C:\Users\tado\Documents\of_v0.11.2_vs2017_release\addons\ofxCv\libs\ofxCv\include\ofxCv\ObjectFinder.h(35,11): message : see reference to function template instantiation 'cv::Mat ofxCv::toCv<unsigned char>(ofBaseHasPixels_<unsigned char> &)' being compiled (compiling source file src\ofApp.cpp)
C:\Users\tado\Documents\of_v0.11.2_vs2017_release\apps\07_ofxCv\03_faceFollow\src\ofApp.cpp(20,9): message : see reference to function template instantiation 'void ofxCv::ObjectFinder::update<ofVideoGrabber>(T &)' being compiled
          with
          [
              T=ofVideoGrabber
          ]
C:\Users\tado\Documents\of_v0.11.2_vs2017_release\addons\ofxCv\libs\ofxCv\include\ofxCv\Utilities.h(245,31): warning C4267: 'argument': conversion from 'size_t' to 'int', possible loss of data (compiling source file src\ofApp.cpp)
C:\Users\tado\Documents\of_v0.11.2_vs2017_release\addons\ofxCv\libs\ofxCv\include\ofxCv\Utilities.h(130,31): warning C4267: 'return': conversion from 'size_t' to 'int', possible loss of data (compiling source file src\ofApp.cpp)
C:\Users\tado\Documents\of_v0.11.2_vs2017_release\addons\ofxCv\libs\ofxCv\include\ofxCv\Utilities.h(144,10): message : see reference to function template instantiation 'int ofxCv::getChannels<unsigned char>(const ofPixels_<unsigned char> &)' being compiled (compiling source file src\ofApp.cpp)
C:\Users\tado\Documents\of_v0.11.2_vs2017_release\addons\ofxCv\libs\ofxCv\include\ofxCv\Utilities.h(245,51): message : see reference to function template instantiation 'int ofxCv::getCvImageType<ofPixels_<unsigned char>>(const T &)' being compiled
          with
          [
              T=ofPixels_<unsigned char>
          ] (compiling source file src\ofApp.cpp)
C:\Users\tado\Documents\of_v0.11.2_vs2017_release\addons\ofxCv\libs\ofxCv\include\ofxCv\Utilities.h(253,10): message : see reference to function template instantiation 'cv::Mat ofxCv::toCv<unsigned char>(ofPixels_<unsigned char> &)' being compiled (compiling source file src\ofApp.cpp)
  ofxCvColorImage.cpp
  ofxCvContourFinder.cpp
  ofxCvFloatImage.cpp
  ofxCvGrayscaleImage.cpp
  ofxCvHaarFinder.cpp
  ofxCvImage.cpp
  ofxCvShortImage.cpp
  Info: Boost.Config is older than your compiler version - probably nothing bad will happen - but you may wish to look for an update Boost version.  Define BOOST_CONFIG_SUPPRESS_OUTDATED_MESSAGE to suppress this message.
  Info: Boost.Config is older than your compiler version - probably nothing bad will happen - but you may wish to look for an update Boost version.  Define BOOST_CONFIG_SUPPRESS_OUTDATED_MESSAGE to suppress this message.
  Info: Boost.Config is older than your compiler version - probably nothing bad will happen - but you may wish to look for an update Boost version.  Define BOOST_CONFIG_SUPPRESS_OUTDATED_MESSAGE to suppress this message.
  Info: Boost.Config is older than your compiler version - probably nothing bad will happen - but you may wish to look for an update Boost version.  Define BOOST_CONFIG_SUPPRESS_OUTDATED_MESSAGE to suppress this message.
  Info: Boost.Config is older than your compiler version - probably nothing bad will happen - but you may wish to look for an update Boost version.  Define BOOST_CONFIG_SUPPRESS_OUTDATED_MESSAGE to suppress this message.
  Info: Boost.Config is older than your compiler version - probably nothing bad will happen - but you may wish to look for an update Boost version.  Define BOOST_CONFIG_SUPPRESS_OUTDATED_MESSAGE to suppress this message.
  Info: Boost.Config is older than your compiler version - probably nothing bad will happen - but you may wish to look for an update Boost version.  Define BOOST_CONFIG_SUPPRESS_OUTDATED_MESSAGE to suppress this message.
C:\Users\tado\Documents\of_v0.11.2_vs2017_release\libs\openFrameworks\math\ofMatrix4x4.h(326,20): warning C4267: 'argument': conversion from 'size_t' to 'int', possible loss of data (compiling source file ..\..\..\addons\ofxOpenCv\src\ofxCvHaarFinder.cpp)
C:\Users\tado\Documents\of_v0.11.2_vs2017_release\libs\openFrameworks\math\ofMatrix4x4.h(331,20): warning C4267: 'argument': conversion from 'size_t' to 'int', possible loss of data (compiling source file ..\..\..\addons\ofxOpenCv\src\ofxCvHaarFinder.cpp)
C:\Users\tado\Documents\of_v0.11.2_vs2017_release\libs\openFrameworks\math\ofMatrix4x4.h(912,11): warning C4267: 'argument': conversion from 'size_t' to 'int', possible loss of data (compiling source file ..\..\..\addons\ofxOpenCv\src\ofxCvHaarFinder.cpp)
C:\Users\tado\Documents\of_v0.11.2_vs2017_release\libs\openFrameworks\math\ofMatrix4x4.h(913,11): warning C4267: 'argument': conversion from 'size_t' to 'int', possible loss of data (compiling source file ..\..\..\addons\ofxOpenCv\src\ofxCvHaarFinder.cpp)
C:\Users\tado\Documents\of_v0.11.2_vs2017_release\libs\openFrameworks\math\ofMatrix4x4.h(914,11): warning C4267: 'argument': conversion from 'size_t' to 'int', possible loss of data (compiling source file ..\..\..\addons\ofxOpenCv\src\ofxCvHaarFinder.cpp)
C:\Users\tado\Documents\of_v0.11.2_vs2017_release\libs\openFrameworks\math\ofMatrix4x4.h(915,11): warning C4267: 'argument': conversion from 'size_t' to 'int', possible loss of data (compiling source file ..\..\..\addons\ofxOpenCv\src\ofxCvHaarFinder.cpp)
C:\Users\tado\Documents\of_v0.11.2_vs2017_release\libs\openFrameworks\math\ofMatrix4x4.h(326,20): warning C4267: 'argument': conversion from 'size_t' to 'int', possible loss of data (compiling source file ..\..\..\addons\ofxOpenCv\src\ofxCvImage.cpp)
C:\Users\tado\Documents\of_v0.11.2_vs2017_release\libs\openFrameworks\math\ofMatrix4x4.h(331,20): warning C4267: 'argument': conversion from 'size_t' to 'int', possible loss of data (compiling source file ..\..\..\addons\ofxOpenCv\src\ofxCvImage.cpp)
C:\Users\tado\Documents\of_v0.11.2_vs2017_release\libs\openFrameworks\math\ofMatrix4x4.h(912,11): warning C4267: 'argument': conversion from 'size_t' to 'int', possible loss of data (compiling source file ..\..\..\addons\ofxOpenCv\src\ofxCvImage.cpp)
C:\Users\tado\Documents\of_v0.11.2_vs2017_release\libs\openFrameworks\math\ofMatrix4x4.h(913,11): warning C4267: 'argument': conversion from 'size_t' to 'int', possible loss of data (compiling source file ..\..\..\addons\ofxOpenCv\src\ofxCvImage.cpp)
C:\Users\tado\Documents\of_v0.11.2_vs2017_release\libs\openFrameworks\math\ofMatrix4x4.h(914,11): warning C4267: 'argument': conversion from 'size_t' to 'int', possible loss of data (compiling source file ..\..\..\addons\ofxOpenCv\src\ofxCvImage.cpp)
C:\Users\tado\Documents\of_v0.11.2_vs2017_release\libs\openFrameworks\math\ofMatrix4x4.h(915,11): warning C4267: 'argument': conversion from 'size_t' to 'int', possible loss of data (compiling source file ..\..\..\addons\ofxOpenCv\src\ofxCvImage.cpp)
C:\Users\tado\Documents\of_v0.11.2_vs2017_release\libs\openFrameworks\math\ofMatrix4x4.h(326,20): warning C4267: 'argument': conversion from 'size_t' to 'int', possible loss of data (compiling source file ..\..\..\addons\ofxOpenCv\src\ofxCvGrayscaleImage.cpp)
C:\Users\tado\Documents\of_v0.11.2_vs2017_release\libs\openFrameworks\math\ofMatrix4x4.h(331,20): warning C4267: 'argument': conversion from 'size_t' to 'int', possible loss of data (compiling source file ..\..\..\addons\ofxOpenCv\src\ofxCvGrayscaleImage.cpp)
C:\Users\tado\Documents\of_v0.11.2_vs2017_release\libs\openFrameworks\math\ofMatrix4x4.h(912,11): warning C4267: 'argument': conversion from 'size_t' to 'int', possible loss of data (compiling source file ..\..\..\addons\ofxOpenCv\src\ofxCvGrayscaleImage.cpp)
C:\Users\tado\Documents\of_v0.11.2_vs2017_release\libs\openFrameworks\math\ofMatrix4x4.h(913,11): warning C4267: 'argument': conversion from 'size_t' to 'int', possible loss of data (compiling source file ..\..\..\addons\ofxOpenCv\src\ofxCvGrayscaleImage.cpp)
C:\Users\tado\Documents\of_v0.11.2_vs2017_release\libs\openFrameworks\math\ofMatrix4x4.h(914,11): warning C4267: 'argument': conversion from 'size_t' to 'int', possible loss of data (compiling source file ..\..\..\addons\ofxOpenCv\src\ofxCvGrayscaleImage.cpp)
C:\Users\tado\Documents\of_v0.11.2_vs2017_release\libs\openFrameworks\math\ofMatrix4x4.h(915,11): warning C4267: 'argument': conversion from 'size_t' to 'int', possible loss of data (compiling source file ..\..\..\addons\ofxOpenCv\src\ofxCvGrayscaleImage.cpp)
C:\Users\tado\Documents\of_v0.11.2_vs2017_release\libs\openFrameworks\math\ofMatrix4x4.h(326,20): warning C4267: 'argument': conversion from 'size_t' to 'int', possible loss of data (compiling source file ..\..\..\addons\ofxOpenCv\src\ofxCvShortImage.cpp)
C:\Users\tado\Documents\of_v0.11.2_vs2017_release\libs\openFrameworks\math\ofMatrix4x4.h(331,20): warning C4267: 'argument': conversion from 'size_t' to 'int', possible loss of data (compiling source file ..\..\..\addons\ofxOpenCv\src\ofxCvShortImage.cpp)
C:\Users\tado\Documents\of_v0.11.2_vs2017_release\libs\openFrameworks\math\ofMatrix4x4.h(912,11): warning C4267: 'argument': conversion from 'size_t' to 'int', possible loss of data (compiling source file ..\..\..\addons\ofxOpenCv\src\ofxCvShortImage.cpp)
C:\Users\tado\Documents\of_v0.11.2_vs2017_release\libs\openFrameworks\math\ofMatrix4x4.h(913,11): warning C4267: 'argument': conversion from 'size_t' to 'int', possible loss of data (compiling source file ..\..\..\addons\ofxOpenCv\src\ofxCvShortImage.cpp)
C:\Users\tado\Documents\of_v0.11.2_vs2017_release\libs\openFrameworks\math\ofMatrix4x4.h(914,11): warning C4267: 'argument': conversion from 'size_t' to 'int', possible loss of data (compiling source file ..\..\..\addons\ofxOpenCv\src\ofxCvShortImage.cpp)
C:\Users\tado\Documents\of_v0.11.2_vs2017_release\libs\openFrameworks\math\ofMatrix4x4.h(915,11): warning C4267: 'argument': conversion from 'size_t' to 'int', possible loss of data (compiling source file ..\..\..\addons\ofxOpenCv\src\ofxCvShortImage.cpp)
C:\Users\tado\Documents\of_v0.11.2_vs2017_release\libs\openFrameworks\math\ofMatrix4x4.h(326,20): warning C4267: 'argument': conversion from 'size_t' to 'int', possible loss of data (compiling source file ..\..\..\addons\ofxOpenCv\src\ofxCvContourFinder.cpp)
C:\Users\tado\Documents\of_v0.11.2_vs2017_release\libs\openFrameworks\math\ofMatrix4x4.h(331,20): warning C4267: 'argument': conversion from 'size_t' to 'int', possible loss of data (compiling source file ..\..\..\addons\ofxOpenCv\src\ofxCvContourFinder.cpp)
C:\Users\tado\Documents\of_v0.11.2_vs2017_release\libs\openFrameworks\math\ofMatrix4x4.h(326,20): warning C4267: 'argument': conversion from 'size_t' to 'int', possible loss of data (compiling source file ..\..\..\addons\ofxOpenCv\src\ofxCvFloatImage.cpp)
C:\Users\tado\Documents\of_v0.11.2_vs2017_release\libs\openFrameworks\math\ofMatrix4x4.h(331,20): warning C4267: 'argument': conversion from 'size_t' to 'int', possible loss of data (compiling source file ..\..\..\addons\ofxOpenCv\src\ofxCvFloatImage.cpp)
C:\Users\tado\Documents\of_v0.11.2_vs2017_release\libs\openFrameworks\math\ofMatrix4x4.h(912,11): warning C4267: 'argument': conversion from 'size_t' to 'int', possible loss of data (compiling source file ..\..\..\addons\ofxOpenCv\src\ofxCvContourFinder.cpp)
C:\Users\tado\Documents\of_v0.11.2_vs2017_release\libs\openFrameworks\math\ofMatrix4x4.h(913,11): warning C4267: 'argument': conversion from 'size_t' to 'int', possible loss of data (compiling source file ..\..\..\addons\ofxOpenCv\src\ofxCvContourFinder.cpp)
C:\Users\tado\Documents\of_v0.11.2_vs2017_release\libs\openFrameworks\math\ofMatrix4x4.h(914,11): warning C4267: 'argument': conversion from 'size_t' to 'int', possible loss of data (compiling source file ..\..\..\addons\ofxOpenCv\src\ofxCvContourFinder.cpp)
C:\Users\tado\Documents\of_v0.11.2_vs2017_release\libs\openFrameworks\math\ofMatrix4x4.h(326,20): warning C4267: 'argument': conversion from 'size_t' to 'int', possible loss of data (compiling source file ..\..\..\addons\ofxOpenCv\src\ofxCvColorImage.cpp)
C:\Users\tado\Documents\of_v0.11.2_vs2017_release\libs\openFrameworks\math\ofMatrix4x4.h(915,11): warning C4267: 'argument': conversion from 'size_t' to 'int', possible loss of data (compiling source file ..\..\..\addons\ofxOpenCv\src\ofxCvContourFinder.cpp)
C:\Users\tado\Documents\of_v0.11.2_vs2017_release\libs\openFrameworks\math\ofMatrix4x4.h(331,20): warning C4267: 'argument': conversion from 'size_t' to 'int', possible loss of data (compiling source file ..\..\..\addons\ofxOpenCv\src\ofxCvColorImage.cpp)
C:\Users\tado\Documents\of_v0.11.2_vs2017_release\libs\openFrameworks\math\ofMatrix4x4.h(912,11): warning C4267: 'argument': conversion from 'size_t' to 'int', possible loss of data (compiling source file ..\..\..\addons\ofxOpenCv\src\ofxCvFloatImage.cpp)
C:\Users\tado\Documents\of_v0.11.2_vs2017_release\libs\openFrameworks\math\ofMatrix4x4.h(913,11): warning C4267: 'argument': conversion from 'size_t' to 'int', possible loss of data (compiling source file ..\..\..\addons\ofxOpenCv\src\ofxCvFloatImage.cpp)
C:\Users\tado\Documents\of_v0.11.2_vs2017_release\libs\openFrameworks\math\ofMatrix4x4.h(914,11): warning C4267: 'argument': conversion from 'size_t' to 'int', possible loss of data (compiling source file ..\..\..\addons\ofxOpenCv\src\ofxCvFloatImage.cpp)
C:\Users\tado\Documents\of_v0.11.2_vs2017_release\libs\openFrameworks\math\ofMatrix4x4.h(915,11): warning C4267: 'argument': conversion from 'size_t' to 'int', possible loss of data (compiling source file ..\..\..\addons\ofxOpenCv\src\ofxCvFloatImage.cpp)
C:\Users\tado\Documents\of_v0.11.2_vs2017_release\libs\openFrameworks\math\ofMatrix4x4.h(912,11): warning C4267: 'argument': conversion from 'size_t' to 'int', possible loss of data (compiling source file ..\..\..\addons\ofxOpenCv\src\ofxCvColorImage.cpp)
C:\Users\tado\Documents\of_v0.11.2_vs2017_release\libs\openFrameworks\math\ofMatrix4x4.h(913,11): warning C4267: 'argument': conversion from 'size_t' to 'int', possible loss of data (compiling source file ..\..\..\addons\ofxOpenCv\src\ofxCvColorImage.cpp)
C:\Users\tado\Documents\of_v0.11.2_vs2017_release\libs\openFrameworks\math\ofMatrix4x4.h(914,11): warning C4267: 'argument': conversion from 'size_t' to 'int', possible loss of data (compiling source file ..\..\..\addons\ofxOpenCv\src\ofxCvColorImage.cpp)
C:\Users\tado\Documents\of_v0.11.2_vs2017_release\libs\openFrameworks\math\ofMatrix4x4.h(915,11): warning C4267: 'argument': conversion from 'size_t' to 'int', possible loss of data (compiling source file ..\..\..\addons\ofxOpenCv\src\ofxCvColorImage.cpp)
C:\Users\tado\Documents\of_v0.11.2_vs2017_release\addons\ofxOpenCv\src\ofxCvImage.cpp(849,67): warning C4267: 'argument': conversion from 'size_t' to 'int', possible loss of data
C:\Users\tado\Documents\of_v0.11.2_vs2017_release\addons\ofxOpenCv\src\ofxCvImage.cpp(849,48): warning C4267: 'argument': conversion from 'size_t' to 'int', possible loss of data
C:\Users\tado\Documents\of_v0.11.2_vs2017_release\addons\ofxOpenCv\src\ofxCvImage.cpp(854,70): warning C4267: 'argument': conversion from 'size_t' to 'int', possible loss of data
C:\Users\tado\Documents\of_v0.11.2_vs2017_release\addons\ofxOpenCv\src\ofxCvImage.cpp(854,51): warning C4267: 'argument': conversion from 'size_t' to 'int', possible loss of data
C:\Users\tado\Documents\of_v0.11.2_vs2017_release\addons\ofxOpenCv\src\ofxCvContourFinder.cpp(142,36): warning C4267: '=': conversion from 'size_t' to 'int', possible loss of data
C:\Users\tado\Documents\of_v0.11.2_vs2017_release\addons\ofxOpenCv\src\ofxCvContourFinder.cpp(146,24): warning C4267: '=': conversion from 'size_t' to 'int', possible loss of data
C:\Users\tado\Documents\of_v0.11.2_vs2017_release\addons\ofxOpenCv\src\ofxCvHaarFinder.cpp(117,49): warning C4267: 'argument': conversion from 'size_t' to 'int', possible loss of data
C:\Users\tado\Documents\of_v0.11.2_vs2017_release\addons\ofxOpenCv\src\ofxCvHaarFinder.cpp(117,30): warning C4267: 'argument': conversion from 'size_t' to 'int', possible loss of data
C:\Users\tado\Documents\of_v0.11.2_vs2017_release\addons\ofxOpenCv\src\ofxCvHaarFinder.cpp(122,51): warning C4267: 'argument': conversion from 'size_t' to 'int', possible loss of data
C:\Users\tado\Documents\of_v0.11.2_vs2017_release\addons\ofxOpenCv\src\ofxCvHaarFinder.cpp(122,32): warning C4267: 'argument': conversion from 'size_t' to 'int', possible loss of data
C:\Users\tado\Documents\of_v0.11.2_vs2017_release\addons\ofxOpenCv\src\ofxCvHaarFinder.cpp(305,33): warning C4267: '=': conversion from 'size_t' to 'int', possible loss of data
  ETF.cpp
  fdog.cpp
  Info: Boost.Config is older than your compiler version - probably nothing bad will happen - but you may wish to look for an update Boost version.  Define BOOST_CONFIG_SUPPRESS_OUTDATED_MESSAGE to suppress this message.
  Info: Boost.Config is older than your compiler version - probably nothing bad will happen - but you may wish to look for an update Boost version.  Define BOOST_CONFIG_SUPPRESS_OUTDATED_MESSAGE to suppress this message.
C:\Users\tado\Documents\of_v0.11.2_vs2017_release\libs\openFrameworks\math\ofMatrix4x4.h(326,20): warning C4267: 'argument': conversion from 'size_t' to 'int', possible loss of data (compiling source file ..\..\..\addons\ofxCv\libs\CLD\src\ETF.cpp)
C:\Users\tado\Documents\of_v0.11.2_vs2017_release\libs\openFrameworks\math\ofMatrix4x4.h(331,20): warning C4267: 'argument': conversion from 'size_t' to 'int', possible loss of data (compiling source file ..\..\..\addons\ofxCv\libs\CLD\src\ETF.cpp)
C:\Users\tado\Documents\of_v0.11.2_vs2017_release\libs\openFrameworks\math\ofMatrix4x4.h(912,11): warning C4267: 'argument': conversion from 'size_t' to 'int', possible loss of data (compiling source file ..\..\..\addons\ofxCv\libs\CLD\src\ETF.cpp)
C:\Users\tado\Documents\of_v0.11.2_vs2017_release\libs\openFrameworks\math\ofMatrix4x4.h(913,11): warning C4267: 'argument': conversion from 'size_t' to 'int', possible loss of data (compiling source file ..\..\..\addons\ofxCv\libs\CLD\src\ETF.cpp)
C:\Users\tado\Documents\of_v0.11.2_vs2017_release\libs\openFrameworks\math\ofMatrix4x4.h(914,11): warning C4267: 'argument': conversion from 'size_t' to 'int', possible loss of data (compiling source file ..\..\..\addons\ofxCv\libs\CLD\src\ETF.cpp)
C:\Users\tado\Documents\of_v0.11.2_vs2017_release\libs\openFrameworks\math\ofMatrix4x4.h(915,11): warning C4267: 'argument': conversion from 'size_t' to 'int', possible loss of data (compiling source file ..\..\..\addons\ofxCv\libs\CLD\src\ETF.cpp)
C:\Users\tado\Documents\of_v0.11.2_vs2017_release\libs\openFrameworks\math\ofMatrix4x4.h(326,20): warning C4267: 'argument': conversion from 'size_t' to 'int', possible loss of data (compiling source file ..\..\..\addons\ofxCv\libs\CLD\src\fdog.cpp)
C:\Users\tado\Documents\of_v0.11.2_vs2017_release\libs\openFrameworks\math\ofMatrix4x4.h(331,20): warning C4267: 'argument': conversion from 'size_t' to 'int', possible loss of data (compiling source file ..\..\..\addons\ofxCv\libs\CLD\src\fdog.cpp)
C:\Users\tado\Documents\of_v0.11.2_vs2017_release\libs\openFrameworks\math\ofMatrix4x4.h(912,11): warning C4267: 'argument': conversion from 'size_t' to 'int', possible loss of data (compiling source file ..\..\..\addons\ofxCv\libs\CLD\src\fdog.cpp)
C:\Users\tado\Documents\of_v0.11.2_vs2017_release\libs\openFrameworks\math\ofMatrix4x4.h(913,11): warning C4267: 'argument': conversion from 'size_t' to 'int', possible loss of data (compiling source file ..\..\..\addons\ofxCv\libs\CLD\src\fdog.cpp)
C:\Users\tado\Documents\of_v0.11.2_vs2017_release\libs\openFrameworks\math\ofMatrix4x4.h(914,11): warning C4267: 'argument': conversion from 'size_t' to 'int', possible loss of data (compiling source file ..\..\..\addons\ofxCv\libs\CLD\src\fdog.cpp)
C:\Users\tado\Documents\of_v0.11.2_vs2017_release\libs\openFrameworks\math\ofMatrix4x4.h(915,11): warning C4267: 'argument': conversion from 'size_t' to 'int', possible loss of data (compiling source file ..\..\..\addons\ofxCv\libs\CLD\src\fdog.cpp)
  Calibration.cpp
  ContourFinder.cpp
  Distance.cpp
  Flow.cpp
  Helpers.cpp
  Kalman.cpp
  ObjectFinder.cpp
  RunningBackground.cpp
  Tracker.cpp
  Utilities.cpp
  Wrappers.cpp
C:\Users\tado\Documents\of_v0.11.2_vs2017_release\addons\ofxCv\libs\ofxCv\src\Distance.cpp(21,9): warning C4267: 'initializing': conversion from 'size_t' to 'int', possible loss of data
C:\Users\tado\Documents\of_v0.11.2_vs2017_release\addons\ofxCv\libs\ofxCv\src\Distance.cpp(121,14): warning C4267: '=': conversion from 'size_t' to 'int', possible loss of data
C:\Users\tado\Documents\of_v0.11.2_vs2017_release\addons\ofxCv\libs\ofxCv\src\Distance.cpp(122,14): warning C4267: '=': conversion from 'size_t' to 'int', possible loss of data
C:\Users\tado\Documents\of_v0.11.2_vs2017_release\addons\ofxCv\libs\ofxCv\src\Distance.cpp(30): warning C4700: uninitialized local variable 'bestScore' used
  Info: Boost.Config is older than your compiler version - probably nothing bad will happen - but you may wish to look for an update Boost version.  Define BOOST_CONFIG_SUPPRESS_OUTDATED_MESSAGE to suppress this message.
  Info: Boost.Config is older than your compiler version - probably nothing bad will happen - but you may wish to look for an update Boost version.  Define BOOST_CONFIG_SUPPRESS_OUTDATED_MESSAGE to suppress this message.
  Info: Boost.Config is older than your compiler version - probably nothing bad will happen - but you may wish to look for an update Boost version.  Define BOOST_CONFIG_SUPPRESS_OUTDATED_MESSAGE to suppress this message.
  Info: Boost.Config is older than your compiler version - probably nothing bad will happen - but you may wish to look for an update Boost version.  Define BOOST_CONFIG_SUPPRESS_OUTDATED_MESSAGE to suppress this message.
  Info: Boost.Config is older than your compiler version - probably nothing bad will happen - but you may wish to look for an update Boost version.  Define BOOST_CONFIG_SUPPRESS_OUTDATED_MESSAGE to suppress this message.
  Info: Boost.Config is older than your compiler version - probably nothing bad will happen - but you may wish to look for an update Boost version.  Define BOOST_CONFIG_SUPPRESS_OUTDATED_MESSAGE to suppress this message.
  Info: Boost.Config is older than your compiler version - probably nothing bad will happen - but you may wish to look for an update Boost version.  Define BOOST_CONFIG_SUPPRESS_OUTDATED_MESSAGE to suppress this message.
  Info: Boost.Config is older than your compiler version - probably nothing bad will happen - but you may wish to look for an update Boost version.  Define BOOST_CONFIG_SUPPRESS_OUTDATED_MESSAGE to suppress this message.
  Info: Boost.Config is older than your compiler version - probably nothing bad will happen - but you may wish to look for an update Boost version.  Define BOOST_CONFIG_SUPPRESS_OUTDATED_MESSAGE to suppress this message.
C:\Users\tado\Documents\of_v0.11.2_vs2017_release\libs\openFrameworks\math\ofMatrix4x4.h(326,20): warning C4267: 'argument': conversion from 'size_t' to 'int', possible loss of data (compiling source file ..\..\..\addons\ofxCv\libs\ofxCv\src\Helpers.cpp)
C:\Users\tado\Documents\of_v0.11.2_vs2017_release\libs\openFrameworks\math\ofMatrix4x4.h(331,20): warning C4267: 'argument': conversion from 'size_t' to 'int', possible loss of data (compiling source file ..\..\..\addons\ofxCv\libs\ofxCv\src\Helpers.cpp)
C:\Users\tado\Documents\of_v0.11.2_vs2017_release\libs\openFrameworks\math\ofMatrix4x4.h(912,11): warning C4267: 'argument': conversion from 'size_t' to 'int', possible loss of data (compiling source file ..\..\..\addons\ofxCv\libs\ofxCv\src\Helpers.cpp)
C:\Users\tado\Documents\of_v0.11.2_vs2017_release\libs\openFrameworks\math\ofMatrix4x4.h(913,11): warning C4267: 'argument': conversion from 'size_t' to 'int', possible loss of data (compiling source file ..\..\..\addons\ofxCv\libs\ofxCv\src\Helpers.cpp)
C:\Users\tado\Documents\of_v0.11.2_vs2017_release\libs\openFrameworks\math\ofMatrix4x4.h(914,11): warning C4267: 'argument': conversion from 'size_t' to 'int', possible loss of data (compiling source file ..\..\..\addons\ofxCv\libs\ofxCv\src\Helpers.cpp)
C:\Users\tado\Documents\of_v0.11.2_vs2017_release\libs\openFrameworks\math\ofMatrix4x4.h(915,11): warning C4267: 'argument': conversion from 'size_t' to 'int', possible loss of data (compiling source file ..\..\..\addons\ofxCv\libs\ofxCv\src\Helpers.cpp)
  Info: Boost.Config is older than your compiler version - probably nothing bad will happen - but you may wish to look for an update Boost version.  Define BOOST_CONFIG_SUPPRESS_OUTDATED_MESSAGE to suppress this message.
C:\Users\tado\Documents\of_v0.11.2_vs2017_release\libs\openFrameworks\math\ofMatrix4x4.h(326,20): warning C4267: 'argument': conversion from 'size_t' to 'int', possible loss of data (compiling source file ..\..\..\addons\ofxCv\libs\ofxCv\src\ContourFinder.cpp)
C:\Users\tado\Documents\of_v0.11.2_vs2017_release\libs\openFrameworks\math\ofMatrix4x4.h(331,20): warning C4267: 'argument': conversion from 'size_t' to 'int', possible loss of data (compiling source file ..\..\..\addons\ofxCv\libs\ofxCv\src\ContourFinder.cpp)
C:\Users\tado\Documents\of_v0.11.2_vs2017_release\libs\openFrameworks\math\ofMatrix4x4.h(912,11): warning C4267: 'argument': conversion from 'size_t' to 'int', possible loss of data (compiling source file ..\..\..\addons\ofxCv\libs\ofxCv\src\ContourFinder.cpp)
C:\Users\tado\Documents\of_v0.11.2_vs2017_release\libs\openFrameworks\math\ofMatrix4x4.h(913,11): warning C4267: 'argument': conversion from 'size_t' to 'int', possible loss of data (compiling source file ..\..\..\addons\ofxCv\libs\ofxCv\src\ContourFinder.cpp)
C:\Users\tado\Documents\of_v0.11.2_vs2017_release\libs\openFrameworks\math\ofMatrix4x4.h(914,11): warning C4267: 'argument': conversion from 'size_t' to 'int', possible loss of data (compiling source file ..\..\..\addons\ofxCv\libs\ofxCv\src\ContourFinder.cpp)
C:\Users\tado\Documents\of_v0.11.2_vs2017_release\libs\openFrameworks\math\ofMatrix4x4.h(915,11): warning C4267: 'argument': conversion from 'size_t' to 'int', possible loss of data (compiling source file ..\..\..\addons\ofxCv\libs\ofxCv\src\ContourFinder.cpp)
C:\Users\tado\Documents\of_v0.11.2_vs2017_release\libs\openFrameworks\math\ofMatrix4x4.h(326,20): warning C4267: 'argument': conversion from 'size_t' to 'int', possible loss of data (compiling source file ..\..\..\addons\ofxCv\libs\ofxCv\src\Flow.cpp)
C:\Users\tado\Documents\of_v0.11.2_vs2017_release\libs\openFrameworks\math\ofMatrix4x4.h(331,20): warning C4267: 'argument': conversion from 'size_t' to 'int', possible loss of data (compiling source file ..\..\..\addons\ofxCv\libs\ofxCv\src\Flow.cpp)
C:\Users\tado\Documents\of_v0.11.2_vs2017_release\libs\openFrameworks\math\ofMatrix4x4.h(912,11): warning C4267: 'argument': conversion from 'size_t' to 'int', possible loss of data (compiling source file ..\..\..\addons\ofxCv\libs\ofxCv\src\Flow.cpp)
C:\Users\tado\Documents\of_v0.11.2_vs2017_release\libs\openFrameworks\math\ofMatrix4x4.h(913,11): warning C4267: 'argument': conversion from 'size_t' to 'int', possible loss of data (compiling source file ..\..\..\addons\ofxCv\libs\ofxCv\src\Flow.cpp)
C:\Users\tado\Documents\of_v0.11.2_vs2017_release\libs\openFrameworks\math\ofMatrix4x4.h(914,11): warning C4267: 'argument': conversion from 'size_t' to 'int', possible loss of data (compiling source file ..\..\..\addons\ofxCv\libs\ofxCv\src\Flow.cpp)
C:\Users\tado\Documents\of_v0.11.2_vs2017_release\libs\openFrameworks\math\ofMatrix4x4.h(915,11): warning C4267: 'argument': conversion from 'size_t' to 'int', possible loss of data (compiling source file ..\..\..\addons\ofxCv\libs\ofxCv\src\Flow.cpp)
C:\Users\tado\Documents\of_v0.11.2_vs2017_release\libs\openFrameworks\math\ofMatrix4x4.h(326,20): warning C4267: 'argument': conversion from 'size_t' to 'int', possible loss of data (compiling source file ..\..\..\addons\ofxCv\libs\ofxCv\src\Wrappers.cpp)
C:\Users\tado\Documents\of_v0.11.2_vs2017_release\libs\openFrameworks\math\ofMatrix4x4.h(331,20): warning C4267: 'argument': conversion from 'size_t' to 'int', possible loss of data (compiling source file ..\..\..\addons\ofxCv\libs\ofxCv\src\Wrappers.cpp)
C:\Users\tado\Documents\of_v0.11.2_vs2017_release\libs\openFrameworks\math\ofMatrix4x4.h(326,20): warning C4267: 'argument': conversion from 'size_t' to 'int', possible loss of data (compiling source file ..\..\..\addons\ofxCv\libs\ofxCv\src\Utilities.cpp)
C:\Users\tado\Documents\of_v0.11.2_vs2017_release\libs\openFrameworks\math\ofMatrix4x4.h(331,20): warning C4267: 'argument': conversion from 'size_t' to 'int', possible loss of data (compiling source file ..\..\..\addons\ofxCv\libs\ofxCv\src\Utilities.cpp)
C:\Users\tado\Documents\of_v0.11.2_vs2017_release\libs\openFrameworks\math\ofMatrix4x4.h(326,20): warning C4267: 'argument': conversion from 'size_t' to 'int', possible loss of data (compiling source file ..\..\..\addons\ofxCv\libs\ofxCv\src\Calibration.cpp)
C:\Users\tado\Documents\of_v0.11.2_vs2017_release\libs\openFrameworks\math\ofMatrix4x4.h(331,20): warning C4267: 'argument': conversion from 'size_t' to 'int', possible loss of data (compiling source file ..\..\..\addons\ofxCv\libs\ofxCv\src\Calibration.cpp)
C:\Users\tado\Documents\of_v0.11.2_vs2017_release\libs\openFrameworks\math\ofMatrix4x4.h(326,20): warning C4267: 'argument': conversion from 'size_t' to 'int', possible loss of data (compiling source file ..\..\..\addons\ofxCv\libs\ofxCv\src\RunningBackground.cpp)
C:\Users\tado\Documents\of_v0.11.2_vs2017_release\libs\openFrameworks\math\ofMatrix4x4.h(331,20): warning C4267: 'argument': conversion from 'size_t' to 'int', possible loss of data (compiling source file ..\..\..\addons\ofxCv\libs\ofxCv\src\RunningBackground.cpp)
C:\Users\tado\Documents\of_v0.11.2_vs2017_release\libs\openFrameworks\math\ofMatrix4x4.h(912,11): warning C4267: 'argument': conversion from 'size_t' to 'int', possible loss of data (compiling source file ..\..\..\addons\ofxCv\libs\ofxCv\src\Wrappers.cpp)
C:\Users\tado\Documents\of_v0.11.2_vs2017_release\libs\openFrameworks\math\ofMatrix4x4.h(913,11): warning C4267: 'argument': conversion from 'size_t' to 'int', possible loss of data (compiling source file ..\..\..\addons\ofxCv\libs\ofxCv\src\Wrappers.cpp)
C:\Users\tado\Documents\of_v0.11.2_vs2017_release\libs\openFrameworks\math\ofMatrix4x4.h(912,11): warning C4267: 'argument': conversion from 'size_t' to 'int', possible loss of data (compiling source file ..\..\..\addons\ofxCv\libs\ofxCv\src\Utilities.cpp)
C:\Users\tado\Documents\of_v0.11.2_vs2017_release\libs\openFrameworks\math\ofMatrix4x4.h(914,11): warning C4267: 'argument': conversion from 'size_t' to 'int', possible loss of data (compiling source file ..\..\..\addons\ofxCv\libs\ofxCv\src\Wrappers.cpp)
C:\Users\tado\Documents\of_v0.11.2_vs2017_release\libs\openFrameworks\math\ofMatrix4x4.h(912,11): warning C4267: 'argument': conversion from 'size_t' to 'int', possible loss of data (compiling source file ..\..\..\addons\ofxCv\libs\ofxCv\src\Calibration.cpp)
C:\Users\tado\Documents\of_v0.11.2_vs2017_release\libs\openFrameworks\math\ofMatrix4x4.h(913,11): warning C4267: 'argument': conversion from 'size_t' to 'int', possible loss of data (compiling source file ..\..\..\addons\ofxCv\libs\ofxCv\src\Utilities.cpp)
C:\Users\tado\Documents\of_v0.11.2_vs2017_release\libs\openFrameworks\math\ofMatrix4x4.h(915,11): warning C4267: 'argument': conversion from 'size_t' to 'int', possible loss of data (compiling source file ..\..\..\addons\ofxCv\libs\ofxCv\src\Wrappers.cpp)
C:\Users\tado\Documents\of_v0.11.2_vs2017_release\libs\openFrameworks\math\ofMatrix4x4.h(913,11): warning C4267: 'argument': conversion from 'size_t' to 'int', possible loss of data (compiling source file ..\..\..\addons\ofxCv\libs\ofxCv\src\Calibration.cpp)
C:\Users\tado\Documents\of_v0.11.2_vs2017_release\libs\openFrameworks\math\ofMatrix4x4.h(914,11): warning C4267: 'argument': conversion from 'size_t' to 'int', possible loss of data (compiling source file ..\..\..\addons\ofxCv\libs\ofxCv\src\Utilities.cpp)
C:\Users\tado\Documents\of_v0.11.2_vs2017_release\libs\openFrameworks\math\ofMatrix4x4.h(914,11): warning C4267: 'argument': conversion from 'size_t' to 'int', possible loss of data (compiling source file ..\..\..\addons\ofxCv\libs\ofxCv\src\Calibration.cpp)
C:\Users\tado\Documents\of_v0.11.2_vs2017_release\libs\openFrameworks\math\ofMatrix4x4.h(915,11): warning C4267: 'argument': conversion from 'size_t' to 'int', possible loss of data (compiling source file ..\..\..\addons\ofxCv\libs\ofxCv\src\Utilities.cpp)
C:\Users\tado\Documents\of_v0.11.2_vs2017_release\libs\openFrameworks\math\ofMatrix4x4.h(915,11): warning C4267: 'argument': conversion from 'size_t' to 'int', possible loss of data (compiling source file ..\..\..\addons\ofxCv\libs\ofxCv\src\Calibration.cpp)
C:\Users\tado\Documents\of_v0.11.2_vs2017_release\libs\openFrameworks\math\ofMatrix4x4.h(912,11): warning C4267: 'argument': conversion from 'size_t' to 'int', possible loss of data (compiling source file ..\..\..\addons\ofxCv\libs\ofxCv\src\RunningBackground.cpp)
C:\Users\tado\Documents\of_v0.11.2_vs2017_release\libs\openFrameworks\math\ofMatrix4x4.h(913,11): warning C4267: 'argument': conversion from 'size_t' to 'int', possible loss of data (compiling source file ..\..\..\addons\ofxCv\libs\ofxCv\src\RunningBackground.cpp)
C:\Users\tado\Documents\of_v0.11.2_vs2017_release\libs\openFrameworks\math\ofMatrix4x4.h(914,11): warning C4267: 'argument': conversion from 'size_t' to 'int', possible loss of data (compiling source file ..\..\..\addons\ofxCv\libs\ofxCv\src\RunningBackground.cpp)
C:\Users\tado\Documents\of_v0.11.2_vs2017_release\libs\openFrameworks\math\ofMatrix4x4.h(915,11): warning C4267: 'argument': conversion from 'size_t' to 'int', possible loss of data (compiling source file ..\..\..\addons\ofxCv\libs\ofxCv\src\RunningBackground.cpp)
C:\Users\tado\Documents\of_v0.11.2_vs2017_release\libs\openFrameworks\math\ofMatrix4x4.h(326,20): warning C4267: 'argument': conversion from 'size_t' to 'int', possible loss of data (compiling source file ..\..\..\addons\ofxCv\libs\ofxCv\src\Tracker.cpp)
C:\Users\tado\Documents\of_v0.11.2_vs2017_release\libs\openFrameworks\math\ofMatrix4x4.h(331,20): warning C4267: 'argument': conversion from 'size_t' to 'int', possible loss of data (compiling source file ..\..\..\addons\ofxCv\libs\ofxCv\src\Tracker.cpp)
C:\Users\tado\Documents\of_v0.11.2_vs2017_release\libs\openFrameworks\math\ofMatrix4x4.h(326,20): warning C4267: 'argument': conversion from 'size_t' to 'int', possible loss of data (compiling source file ..\..\..\addons\ofxCv\libs\ofxCv\src\ObjectFinder.cpp)
C:\Users\tado\Documents\of_v0.11.2_vs2017_release\libs\openFrameworks\math\ofMatrix4x4.h(331,20): warning C4267: 'argument': conversion from 'size_t' to 'int', possible loss of data (compiling source file ..\..\..\addons\ofxCv\libs\ofxCv\src\ObjectFinder.cpp)
C:\Users\tado\Documents\of_v0.11.2_vs2017_release\libs\openFrameworks\math\ofMatrix4x4.h(912,11): warning C4267: 'argument': conversion from 'size_t' to 'int', possible loss of data (compiling source file ..\..\..\addons\ofxCv\libs\ofxCv\src\Tracker.cpp)
C:\Users\tado\Documents\of_v0.11.2_vs2017_release\libs\openFrameworks\math\ofMatrix4x4.h(913,11): warning C4267: 'argument': conversion from 'size_t' to 'int', possible loss of data (compiling source file ..\..\..\addons\ofxCv\libs\ofxCv\src\Tracker.cpp)
C:\Users\tado\Documents\of_v0.11.2_vs2017_release\libs\openFrameworks\math\ofMatrix4x4.h(914,11): warning C4267: 'argument': conversion from 'size_t' to 'int', possible loss of data (compiling source file ..\..\..\addons\ofxCv\libs\ofxCv\src\Tracker.cpp)
C:\Users\tado\Documents\of_v0.11.2_vs2017_release\libs\openFrameworks\math\ofMatrix4x4.h(915,11): warning C4267: 'argument': conversion from 'size_t' to 'int', possible loss of data (compiling source file ..\..\..\addons\ofxCv\libs\ofxCv\src\Tracker.cpp)
C:\Users\tado\Documents\of_v0.11.2_vs2017_release\libs\openFrameworks\math\ofMatrix4x4.h(326,20): warning C4267: 'argument': conversion from 'size_t' to 'int', possible loss of data (compiling source file ..\..\..\addons\ofxCv\libs\ofxCv\src\Kalman.cpp)
C:\Users\tado\Documents\of_v0.11.2_vs2017_release\libs\openFrameworks\math\ofMatrix4x4.h(331,20): warning C4267: 'argument': conversion from 'size_t' to 'int', possible loss of data (compiling source file ..\..\..\addons\ofxCv\libs\ofxCv\src\Kalman.cpp)
C:\Users\tado\Documents\of_v0.11.2_vs2017_release\libs\openFrameworks\math\ofMatrix4x4.h(912,11): warning C4267: 'argument': conversion from 'size_t' to 'int', possible loss of data (compiling source file ..\..\..\addons\ofxCv\libs\ofxCv\src\Kalman.cpp)
C:\Users\tado\Documents\of_v0.11.2_vs2017_release\libs\openFrameworks\math\ofMatrix4x4.h(913,11): warning C4267: 'argument': conversion from 'size_t' to 'int', possible loss of data (compiling source file ..\..\..\addons\ofxCv\libs\ofxCv\src\Kalman.cpp)
C:\Users\tado\Documents\of_v0.11.2_vs2017_release\libs\openFrameworks\math\ofMatrix4x4.h(914,11): warning C4267: 'argument': conversion from 'size_t' to 'int', possible loss of data (compiling source file ..\..\..\addons\ofxCv\libs\ofxCv\src\Kalman.cpp)
C:\Users\tado\Documents\of_v0.11.2_vs2017_release\libs\openFrameworks\math\ofMatrix4x4.h(915,11): warning C4267: 'argument': conversion from 'size_t' to 'int', possible loss of data (compiling source file ..\..\..\addons\ofxCv\libs\ofxCv\src\Kalman.cpp)
C:\Users\tado\Documents\of_v0.11.2_vs2017_release\libs\openFrameworks\math\ofMatrix4x4.h(912,11): warning C4267: 'argument': conversion from 'size_t' to 'int', possible loss of data (compiling source file ..\..\..\addons\ofxCv\libs\ofxCv\src\ObjectFinder.cpp)
C:\Users\tado\Documents\of_v0.11.2_vs2017_release\libs\openFrameworks\math\ofMatrix4x4.h(913,11): warning C4267: 'argument': conversion from 'size_t' to 'int', possible loss of data (compiling source file ..\..\..\addons\ofxCv\libs\ofxCv\src\ObjectFinder.cpp)
C:\Users\tado\Documents\of_v0.11.2_vs2017_release\libs\openFrameworks\math\ofMatrix4x4.h(914,11): warning C4267: 'argument': conversion from 'size_t' to 'int', possible loss of data (compiling source file ..\..\..\addons\ofxCv\libs\ofxCv\src\ObjectFinder.cpp)
C:\Users\tado\Documents\of_v0.11.2_vs2017_release\libs\openFrameworks\math\ofMatrix4x4.h(915,11): warning C4267: 'argument': conversion from 'size_t' to 'int', possible loss of data (compiling source file ..\..\..\addons\ofxCv\libs\ofxCv\src\ObjectFinder.cpp)
C:\Users\tado\Documents\of_v0.11.2_vs2017_release\addons\ofxCv\libs\ofxCv\src\Utilities.cpp(40,30): warning C4267: 'argument': conversion from 'size_t' to 'int', possible loss of data
C:\Users\tado\Documents\of_v0.11.2_vs2017_release\addons\ofxCv\libs\ofxCv\src\Wrappers.cpp(60,44): warning C4267: 'argument': conversion from 'size_t' to 'int', possible loss of data
C:\Users\tado\Documents\of_v0.11.2_vs2017_release\addons\ofxCv\libs\ofxCv\src\Wrappers.cpp(61,45): warning C4267: 'argument': conversion from 'size_t' to 'int', possible loss of data
C:\Users\tado\Documents\of_v0.11.2_vs2017_release\addons\ofxCv\libs\ofxCv\src\ContourFinder.cpp(154,23): warning C4267: 'return': conversion from 'size_t' to 'unsigned int', possible loss of data
C:\Users\tado\Documents\of_v0.11.2_vs2017_release\addons\ofxCv\libs\ofxCv\src\Wrappers.cpp(110,27): warning C4267: 'argument': conversion from 'size_t' to 'int', possible loss of data
C:\Users\tado\Documents\of_v0.11.2_vs2017_release\addons\ofxCv\libs\ofxCv\src\Wrappers.cpp(111,23): warning C4267: 'argument': conversion from 'size_t' to 'int', possible loss of data
C:\Users\tado\Documents\of_v0.11.2_vs2017_release\addons\ofxCv\libs\ofxCv\src\ContourFinder.cpp(314,41): warning C4267: 'argument': conversion from 'size_t' to 'unsigned int', possible loss of data
C:\Users\tado\Documents\of_v0.11.2_vs2017_release\addons\ofxCv\libs\ofxCv\src\Calibration.cpp(338,19): warning C4267: 'initializing': conversion from 'size_t' to 'int', possible loss of data
C:\Users\tado\Documents\of_v0.11.2_vs2017_release\addons\ofxCv\libs\ofxCv\src\Calibration.cpp(424,15): warning C4267: 'initializing': conversion from 'size_t' to 'int', possible loss of data
C:\Users\tado\Documents\of_v0.11.2_vs2017_release\addons\ofxCv\libs\ofxCv\src\Calibration.cpp(568,19): warning C4267: 'initializing': conversion from 'size_t' to 'int', possible loss of data
C:\Users\tado\Documents\of_v0.11.2_vs2017_release\addons\ofxCv\libs\ofxCv\src\ObjectFinder.cpp(65,22): warning C4267: 'return': conversion from 'size_t' to 'unsigned int', possible loss of data
C:\Users\tado\Documents\of_v0.11.2_vs2017_release\addons\ofxCv\libs\ofxCv\src\ObjectFinder.cpp(85,20): warning C4018: '<': signed/unsigned mismatch
C:\Users\tado\Documents\of_v0.11.2_vs2017_release\addons\ofxCv\libs\ofxCv\include\ofxCv\Tracker.h(168,9): warning C4267: 'initializing': conversion from 'size_t' to 'int', possible loss of data (compiling source file ..\..\..\addons\ofxCv\libs\ofxCv\src\Tracker.cpp)
C:\Users\tado\Documents\of_v0.11.2_vs2017_release\addons\ofxCv\libs\ofxCv\include\ofxCv\Tracker.h(166,84): message : while compiling class template member function 'const std::vector<std::_Vbase,std::allocator<std::_Vbase>> &ofxCv::Tracker<cv::Rect>::track(const std::vector<cv::Rect,std::allocator<cv::Rect>> &)' (compiling source file ..\..\..\addons\ofxCv\libs\ofxCv\src\Tracker.cpp)
C:\Users\tado\Documents\of_v0.11.2_vs2017_release\addons\ofxCv\libs\ofxCv\include\ofxCv\Tracker.h(324,37): message : see the first reference to 'ofxCv::Tracker<cv::Rect>::track' in 'ofxCv::RectTracker::track' (compiling source file ..\..\..\addons\ofxCv\libs\ofxCv\src\Tracker.cpp)
C:\Users\tado\Documents\of_v0.11.2_vs2017_release\addons\ofxCv\libs\ofxCv\include\ofxCv\Tracker.h(309,29): message : see reference to class template instantiation 'ofxCv::Tracker<cv::Rect>' being compiled (compiling source file ..\..\..\addons\ofxCv\libs\ofxCv\src\Tracker.cpp)
C:\Users\tado\Documents\of_v0.11.2_vs2017_release\addons\ofxCv\libs\ofxCv\include\ofxCv\Tracker.h(169,9): warning C4267: 'initializing': conversion from 'size_t' to 'int', possible loss of data (compiling source file ..\..\..\addons\ofxCv\libs\ofxCv\src\Tracker.cpp)
C:\Users\tado\Documents\of_v0.11.2_vs2017_release\addons\ofxCv\libs\ofxCv\include\ofxCv\Utilities.h(330,13): warning C4267: 'argument': conversion from 'size_t' to 'int', possible loss of data (compiling source file ..\..\..\addons\ofxCv\libs\ofxCv\src\Utilities.cpp)
C:\Users\tado\Documents\of_v0.11.2_vs2017_release\addons\ofxCv\libs\ofxCv\src\Utilities.cpp(91,25): message : see reference to function template instantiation 'ofPolyline ofxCv::toOf<float>(const std::vector<cv::Point2f,std::allocator<cv::Point2f>> &)' being compiled
C:\Users\tado\Documents\of_v0.11.2_vs2017_release\addons\ofxCv\libs\ofxCv\include\ofxCv\Utilities.h(331,13): warning C4267: 'argument': conversion from 'size_t' to 'int', possible loss of data (compiling source file ..\..\..\addons\ofxCv\libs\ofxCv\src\Utilities.cpp)
C:\Users\tado\Documents\of_v0.11.2_vs2017_release\addons\ofxCv\libs\ofxCv\include\ofxCv\Tracker.h(202,15): warning C4267: 'initializing': conversion from 'size_t' to 'int', possible loss of data (compiling source file ..\..\..\addons\ofxCv\libs\ofxCv\src\Tracker.cpp)
C:\Users\tado\Documents\of_v0.11.2_vs2017_release\addons\ofxCv\libs\ofxCv\include\ofxCv\Tracker.h(214,15): warning C4267: 'initializing': conversion from 'size_t' to 'int', possible loss of data (compiling source file ..\..\..\addons\ofxCv\libs\ofxCv\src\Tracker.cpp)
C:\Users\tado\Documents\of_v0.11.2_vs2017_release\addons\ofxCv\libs\ofxCv\include\ofxCv\Utilities.h(330,13): warning C4267: 'argument': conversion from 'size_t' to 'int', possible loss of data (compiling source file ..\..\..\addons\ofxCv\libs\ofxCv\src\Wrappers.cpp)
C:\Users\tado\Documents\of_v0.11.2_vs2017_release\addons\ofxCv\libs\ofxCv\src\Wrappers.cpp(51,10): message : see reference to function template instantiation 'ofPolyline ofxCv::toOf<float>(const std::vector<cv::Point2f,std::allocator<cv::Point2f>> &)' being compiled
C:\Users\tado\Documents\of_v0.11.2_vs2017_release\addons\ofxCv\libs\ofxCv\include\ofxCv\Utilities.h(331,13): warning C4267: 'argument': conversion from 'size_t' to 'int', possible loss of data (compiling source file ..\..\..\addons\ofxCv\libs\ofxCv\src\Wrappers.cpp)
C:\Users\tado\Documents\of_v0.11.2_vs2017_release\addons\ofxCv\libs\ofxCv\include\ofxCv\Tracker.h(168,9): warning C4267: 'initializing': conversion from 'size_t' to 'int', possible loss of data (compiling source file ..\..\..\addons\ofxCv\libs\ofxCv\src\ContourFinder.cpp)
C:\Users\tado\Documents\of_v0.11.2_vs2017_release\addons\ofxCv\libs\ofxCv\include\ofxCv\Tracker.h(166,84): message : while compiling class template member function 'const std::vector<std::_Vbase,std::allocator<std::_Vbase>> &ofxCv::Tracker<cv::Rect>::track(const std::vector<cv::Rect,std::allocator<cv::Rect>> &)' (compiling source file ..\..\..\addons\ofxCv\libs\ofxCv\src\ContourFinder.cpp)
C:\Users\tado\Documents\of_v0.11.2_vs2017_release\addons\ofxCv\libs\ofxCv\include\ofxCv\Tracker.h(324,37): message : see the first reference to 'ofxCv::Tracker<cv::Rect>::track' in 'ofxCv::RectTracker::track' (compiling source file ..\..\..\addons\ofxCv\libs\ofxCv\src\ContourFinder.cpp)
C:\Users\tado\Documents\of_v0.11.2_vs2017_release\addons\ofxCv\libs\ofxCv\include\ofxCv\Tracker.h(309,29): message : see reference to class template instantiation 'ofxCv::Tracker<cv::Rect>' being compiled (compiling source file ..\..\..\addons\ofxCv\libs\ofxCv\src\ContourFinder.cpp)
C:\Users\tado\Documents\of_v0.11.2_vs2017_release\addons\ofxCv\libs\ofxCv\include\ofxCv\Tracker.h(169,9): warning C4267: 'initializing': conversion from 'size_t' to 'int', possible loss of data (compiling source file ..\..\..\addons\ofxCv\libs\ofxCv\src\ContourFinder.cpp)
C:\Users\tado\Documents\of_v0.11.2_vs2017_release\addons\ofxCv\libs\ofxCv\include\ofxCv\Tracker.h(202,15): warning C4267: 'initializing': conversion from 'size_t' to 'int', possible loss of data (compiling source file ..\..\..\addons\ofxCv\libs\ofxCv\src\ContourFinder.cpp)
C:\Users\tado\Documents\of_v0.11.2_vs2017_release\addons\ofxCv\libs\ofxCv\include\ofxCv\Tracker.h(214,15): warning C4267: 'initializing': conversion from 'size_t' to 'int', possible loss of data (compiling source file ..\..\..\addons\ofxCv\libs\ofxCv\src\ContourFinder.cpp)
C:\Users\tado\Documents\of_v0.11.2_vs2017_release\addons\ofxCv\libs\ofxCv\include\ofxCv\Utilities.h(330,13): warning C4267: 'argument': conversion from 'size_t' to 'int', possible loss of data (compiling source file ..\..\..\addons\ofxCv\libs\ofxCv\src\ContourFinder.cpp)
C:\Users\tado\Documents\of_v0.11.2_vs2017_release\addons\ofxCv\libs\ofxCv\src\ContourFinder.cpp(119,24): message : see reference to function template instantiation 'ofPolyline ofxCv::toOf<int>(const std::vector<cv::Point,std::allocator<cv::Point>> &)' being compiled
C:\Users\tado\Documents\of_v0.11.2_vs2017_release\addons\ofxCv\libs\ofxCv\include\ofxCv\Utilities.h(331,13): warning C4267: 'argument': conversion from 'size_t' to 'int', possible loss of data (compiling source file ..\..\..\addons\ofxCv\libs\ofxCv\src\ContourFinder.cpp)
C:\Users\tado\Documents\of_v0.11.2_vs2017_release\addons\ofxCv\libs\ofxCv\include\ofxCv\Tracker.h(168,9): warning C4267: 'initializing': conversion from 'size_t' to 'int', possible loss of data (compiling source file ..\..\..\addons\ofxCv\libs\ofxCv\src\Kalman.cpp)
C:\Users\tado\Documents\of_v0.11.2_vs2017_release\addons\ofxCv\libs\ofxCv\include\ofxCv\Tracker.h(166,84): message : while compiling class template member function 'const std::vector<std::_Vbase,std::allocator<std::_Vbase>> &ofxCv::Tracker<cv::Rect>::track(const std::vector<cv::Rect,std::allocator<cv::Rect>> &)' (compiling source file ..\..\..\addons\ofxCv\libs\ofxCv\src\Kalman.cpp)
C:\Users\tado\Documents\of_v0.11.2_vs2017_release\addons\ofxCv\libs\ofxCv\include\ofxCv\Tracker.h(324,37): message : see the first reference to 'ofxCv::Tracker<cv::Rect>::track' in 'ofxCv::RectTracker::track' (compiling source file ..\..\..\addons\ofxCv\libs\ofxCv\src\Kalman.cpp)
C:\Users\tado\Documents\of_v0.11.2_vs2017_release\addons\ofxCv\libs\ofxCv\include\ofxCv\Tracker.h(309,29): message : see reference to class template instantiation 'ofxCv::Tracker<cv::Rect>' being compiled (compiling source file ..\..\..\addons\ofxCv\libs\ofxCv\src\Kalman.cpp)
C:\Users\tado\Documents\of_v0.11.2_vs2017_release\addons\ofxCv\libs\ofxCv\include\ofxCv\Tracker.h(169,9): warning C4267: 'initializing': conversion from 'size_t' to 'int', possible loss of data (compiling source file ..\..\..\addons\ofxCv\libs\ofxCv\src\Kalman.cpp)
C:\Users\tado\Documents\of_v0.11.2_vs2017_release\addons\ofxCv\libs\ofxCv\include\ofxCv\Tracker.h(202,15): warning C4267: 'initializing': conversion from 'size_t' to 'int', possible loss of data (compiling source file ..\..\..\addons\ofxCv\libs\ofxCv\src\Kalman.cpp)
C:\Users\tado\Documents\of_v0.11.2_vs2017_release\addons\ofxCv\libs\ofxCv\include\ofxCv\Tracker.h(214,15): warning C4267: 'initializing': conversion from 'size_t' to 'int', possible loss of data (compiling source file ..\..\..\addons\ofxCv\libs\ofxCv\src\Kalman.cpp)
C:\Users\tado\Documents\of_v0.11.2_vs2017_release\addons\ofxCv\libs\ofxCv\include\ofxCv\Tracker.h(168,9): warning C4267: 'initializing': conversion from 'size_t' to 'int', possible loss of data (compiling source file ..\..\..\addons\ofxCv\libs\ofxCv\src\Flow.cpp)
C:\Users\tado\Documents\of_v0.11.2_vs2017_release\addons\ofxCv\libs\ofxCv\include\ofxCv\Tracker.h(166,84): message : while compiling class template member function 'const std::vector<std::_Vbase,std::allocator<std::_Vbase>> &ofxCv::Tracker<cv::Rect>::track(const std::vector<cv::Rect,std::allocator<cv::Rect>> &)' (compiling source file ..\..\..\addons\ofxCv\libs\ofxCv\src\Flow.cpp)
C:\Users\tado\Documents\of_v0.11.2_vs2017_release\addons\ofxCv\libs\ofxCv\include\ofxCv\Tracker.h(324,37): message : see the first reference to 'ofxCv::Tracker<cv::Rect>::track' in 'ofxCv::RectTracker::track' (compiling source file ..\..\..\addons\ofxCv\libs\ofxCv\src\Flow.cpp)
C:\Users\tado\Documents\of_v0.11.2_vs2017_release\addons\ofxCv\libs\ofxCv\include\ofxCv\Tracker.h(309,29): message : see reference to class template instantiation 'ofxCv::Tracker<cv::Rect>' being compiled (compiling source file ..\..\..\addons\ofxCv\libs\ofxCv\src\Flow.cpp)
C:\Users\tado\Documents\of_v0.11.2_vs2017_release\addons\ofxCv\libs\ofxCv\include\ofxCv\Tracker.h(169,9): warning C4267: 'initializing': conversion from 'size_t' to 'int', possible loss of data (compiling source file ..\..\..\addons\ofxCv\libs\ofxCv\src\Flow.cpp)
C:\Users\tado\Documents\of_v0.11.2_vs2017_release\addons\ofxCv\libs\ofxCv\include\ofxCv\Tracker.h(202,15): warning C4267: 'initializing': conversion from 'size_t' to 'int', possible loss of data (compiling source file ..\..\..\addons\ofxCv\libs\ofxCv\src\Flow.cpp)
C:\Users\tado\Documents\of_v0.11.2_vs2017_release\addons\ofxCv\libs\ofxCv\include\ofxCv\Tracker.h(214,15): warning C4267: 'initializing': conversion from 'size_t' to 'int', possible loss of data (compiling source file ..\..\..\addons\ofxCv\libs\ofxCv\src\Flow.cpp)
C:\Users\tado\Documents\of_v0.11.2_vs2017_release\addons\ofxCv\libs\ofxCv\include\ofxCv\Utilities.h(330,13): warning C4267: 'argument': conversion from 'size_t' to 'int', possible loss of data (compiling source file ..\..\..\addons\ofxCv\libs\ofxCv\src\Flow.cpp)
C:\Users\tado\Documents\of_v0.11.2_vs2017_release\addons\ofxCv\libs\ofxCv\src\Flow.cpp(173,21): message : see reference to function template instantiation 'ofPolyline ofxCv::toOf<float>(const std::vector<cv::Point2f,std::allocator<cv::Point2f>> &)' being compiled
C:\Users\tado\Documents\of_v0.11.2_vs2017_release\addons\ofxCv\libs\ofxCv\include\ofxCv\Utilities.h(331,13): warning C4267: 'argument': conversion from 'size_t' to 'int', possible loss of data (compiling source file ..\..\..\addons\ofxCv\libs\ofxCv\src\Flow.cpp)
C:\Users\tado\Documents\of_v0.11.2_vs2017_release\addons\ofxCv\libs\ofxCv\include\ofxCv\Tracker.h(168,9): warning C4267: 'initializing': conversion from 'size_t' to 'int', possible loss of data (compiling source file ..\..\..\addons\ofxCv\libs\ofxCv\src\Calibration.cpp)
C:\Users\tado\Documents\of_v0.11.2_vs2017_release\addons\ofxCv\libs\ofxCv\include\ofxCv\Tracker.h(166,84): message : while compiling class template member function 'const std::vector<std::_Vbase,std::allocator<std::_Vbase>> &ofxCv::Tracker<cv::Rect>::track(const std::vector<cv::Rect,std::allocator<cv::Rect>> &)' (compiling source file ..\..\..\addons\ofxCv\libs\ofxCv\src\Calibration.cpp)
C:\Users\tado\Documents\of_v0.11.2_vs2017_release\addons\ofxCv\libs\ofxCv\include\ofxCv\Tracker.h(324,37): message : see the first reference to 'ofxCv::Tracker<cv::Rect>::track' in 'ofxCv::RectTracker::track' (compiling source file ..\..\..\addons\ofxCv\libs\ofxCv\src\Calibration.cpp)
C:\Users\tado\Documents\of_v0.11.2_vs2017_release\addons\ofxCv\libs\ofxCv\include\ofxCv\Tracker.h(309,29): message : see reference to class template instantiation 'ofxCv::Tracker<cv::Rect>' being compiled (compiling source file ..\..\..\addons\ofxCv\libs\ofxCv\src\Calibration.cpp)
C:\Users\tado\Documents\of_v0.11.2_vs2017_release\addons\ofxCv\libs\ofxCv\include\ofxCv\Tracker.h(169,9): warning C4267: 'initializing': conversion from 'size_t' to 'int', possible loss of data (compiling source file ..\..\..\addons\ofxCv\libs\ofxCv\src\Calibration.cpp)
C:\Users\tado\Documents\of_v0.11.2_vs2017_release\addons\ofxCv\libs\ofxCv\include\ofxCv\Tracker.h(202,15): warning C4267: 'initializing': conversion from 'size_t' to 'int', possible loss of data (compiling source file ..\..\..\addons\ofxCv\libs\ofxCv\src\Calibration.cpp)
C:\Users\tado\Documents\of_v0.11.2_vs2017_release\addons\ofxCv\libs\ofxCv\include\ofxCv\Tracker.h(214,15): warning C4267: 'initializing': conversion from 'size_t' to 'int', possible loss of data (compiling source file ..\..\..\addons\ofxCv\libs\ofxCv\src\Calibration.cpp)
C:\Users\tado\Documents\of_v0.11.2_vs2017_release\addons\ofxCv\libs\ofxCv\include\ofxCv\Tracker.h(168,9): warning C4267: 'initializing': conversion from 'size_t' to 'int', possible loss of data (compiling source file ..\..\..\addons\ofxCv\libs\ofxCv\src\ObjectFinder.cpp)
C:\Users\tado\Documents\of_v0.11.2_vs2017_release\addons\ofxCv\libs\ofxCv\include\ofxCv\Tracker.h(166,84): message : while compiling class template member function 'const std::vector<std::_Vbase,std::allocator<std::_Vbase>> &ofxCv::Tracker<cv::Rect>::track(const std::vector<cv::Rect,std::allocator<cv::Rect>> &)' (compiling source file ..\..\..\addons\ofxCv\libs\ofxCv\src\ObjectFinder.cpp)
C:\Users\tado\Documents\of_v0.11.2_vs2017_release\addons\ofxCv\libs\ofxCv\include\ofxCv\Tracker.h(324,37): message : see the first reference to 'ofxCv::Tracker<cv::Rect>::track' in 'ofxCv::RectTracker::track' (compiling source file ..\..\..\addons\ofxCv\libs\ofxCv\src\ObjectFinder.cpp)
C:\Users\tado\Documents\of_v0.11.2_vs2017_release\addons\ofxCv\libs\ofxCv\include\ofxCv\Tracker.h(309,29): message : see reference to class template instantiation 'ofxCv::Tracker<cv::Rect>' being compiled (compiling source file ..\..\..\addons\ofxCv\libs\ofxCv\src\ObjectFinder.cpp)
C:\Users\tado\Documents\of_v0.11.2_vs2017_release\addons\ofxCv\libs\ofxCv\include\ofxCv\Tracker.h(169,9): warning C4267: 'initializing': conversion from 'size_t' to 'int', possible loss of data (compiling source file ..\..\..\addons\ofxCv\libs\ofxCv\src\ObjectFinder.cpp)
C:\Users\tado\Documents\of_v0.11.2_vs2017_release\addons\ofxCv\libs\ofxCv\include\ofxCv\Tracker.h(202,15): warning C4267: 'initializing': conversion from 'size_t' to 'int', possible loss of data (compiling source file ..\..\..\addons\ofxCv\libs\ofxCv\src\ObjectFinder.cpp)
C:\Users\tado\Documents\of_v0.11.2_vs2017_release\addons\ofxCv\libs\ofxCv\include\ofxCv\Tracker.h(214,15): warning C4267: 'initializing': conversion from 'size_t' to 'int', possible loss of data (compiling source file ..\..\..\addons\ofxCv\libs\ofxCv\src\ObjectFinder.cpp)
C:\Users\tado\Documents\of_v0.11.2_vs2017_release\addons\ofxCv\libs\ofxCv\include\ofxCv\Utilities.h(245,47): warning C4267: 'argument': conversion from 'size_t' to 'int', possible loss of data (compiling source file ..\..\..\addons\ofxCv\libs\ofxCv\src\Calibration.cpp)
C:\Users\tado\Documents\of_v0.11.2_vs2017_release\addons\ofxCv\libs\ofxCv\include\ofxCv\Utilities.h(253,10): message : see reference to function template instantiation 'cv::Mat ofxCv::toCv<unsigned char>(ofPixels_<unsigned char> &)' being compiled (compiling source file ..\..\..\addons\ofxCv\libs\ofxCv\src\Calibration.cpp)
C:\Users\tado\Documents\of_v0.11.2_vs2017_release\addons\ofxCv\libs\ofxCv\src\Calibration.cpp(396,21): message : see reference to function template instantiation 'cv::Mat ofxCv::toCv<unsigned char>(ofBaseHasPixels_<unsigned char> &)' being compiled
C:\Users\tado\Documents\of_v0.11.2_vs2017_release\addons\ofxCv\libs\ofxCv\include\ofxCv\Utilities.h(245,31): warning C4267: 'argument': conversion from 'size_t' to 'int', possible loss of data (compiling source file ..\..\..\addons\ofxCv\libs\ofxCv\src\Calibration.cpp)
C:\Users\tado\Documents\of_v0.11.2_vs2017_release\addons\ofxCv\libs\ofxCv\include\ofxCv\Utilities.h(130,31): warning C4267: 'return': conversion from 'size_t' to 'int', possible loss of data (compiling source file ..\..\..\addons\ofxCv\libs\ofxCv\src\Calibration.cpp)
C:\Users\tado\Documents\of_v0.11.2_vs2017_release\addons\ofxCv\libs\ofxCv\include\ofxCv\Utilities.h(144,10): message : see reference to function template instantiation 'int ofxCv::getChannels<unsigned char>(const ofPixels_<unsigned char> &)' being compiled (compiling source file ..\..\..\addons\ofxCv\libs\ofxCv\src\Calibration.cpp)
C:\Users\tado\Documents\of_v0.11.2_vs2017_release\addons\ofxCv\libs\ofxCv\include\ofxCv\Utilities.h(245,51): message : see reference to function template instantiation 'int ofxCv::getCvImageType<ofPixels_<unsigned char>>(const T &)' being compiled
          with
          [
              T=ofPixels_<unsigned char>
          ] (compiling source file ..\..\..\addons\ofxCv\libs\ofxCv\src\Calibration.cpp)
C:\Users\tado\Documents\of_v0.11.2_vs2017_release\addons\ofxCv\libs\ofxCv\include\ofxCv\Utilities.h(253,10): message : see reference to function template instantiation 'cv::Mat ofxCv::toCv<unsigned char>(ofPixels_<unsigned char> &)' being compiled (compiling source file ..\..\..\addons\ofxCv\libs\ofxCv\src\Calibration.cpp)
  ofxBaseGui.cpp
  ofxButton.cpp
  ofxColorPicker.cpp
  ofxGuiGroup.cpp
  ofxInputField.cpp
  ofxLabel.cpp
  ofxPanel.cpp
  ofxSlider.cpp
  ofxSliderGroup.cpp
  ofxToggle.cpp
  Info: Boost.Config is older than your compiler version - probably nothing bad will happen - but you may wish to look for an update Boost version.  Define BOOST_CONFIG_SUPPRESS_OUTDATED_MESSAGE to suppress this message.
  Info: Boost.Config is older than your compiler version - probably nothing bad will happen - but you may wish to look for an update Boost version.  Define BOOST_CONFIG_SUPPRESS_OUTDATED_MESSAGE to suppress this message.
  Info: Boost.Config is older than your compiler version - probably nothing bad will happen - but you may wish to look for an update Boost version.  Define BOOST_CONFIG_SUPPRESS_OUTDATED_MESSAGE to suppress this message.
  Info: Boost.Config is older than your compiler version - probably nothing bad will happen - but you may wish to look for an update Boost version.  Define BOOST_CONFIG_SUPPRESS_OUTDATED_MESSAGE to suppress this message.
  Info: Boost.Config is older than your compiler version - probably nothing bad will happen - but you may wish to look for an update Boost version.  Define BOOST_CONFIG_SUPPRESS_OUTDATED_MESSAGE to suppress this message.
  Info: Boost.Config is older than your compiler version - probably nothing bad will happen - but you may wish to look for an update Boost version.  Define BOOST_CONFIG_SUPPRESS_OUTDATED_MESSAGE to suppress this message.
  Info: Boost.Config is older than your compiler version - probably nothing bad will happen - but you may wish to look for an update Boost version.  Define BOOST_CONFIG_SUPPRESS_OUTDATED_MESSAGE to suppress this message.
  Info: Boost.Config is older than your compiler version - probably nothing bad will happen - but you may wish to look for an update Boost version.  Define BOOST_CONFIG_SUPPRESS_OUTDATED_MESSAGE to suppress this message.
  Info: Boost.Config is older than your compiler version - probably nothing bad will happen - but you may wish to look for an update Boost version.  Define BOOST_CONFIG_SUPPRESS_OUTDATED_MESSAGE to suppress this message.
  Info: Boost.Config is older than your compiler version - probably nothing bad will happen - but you may wish to look for an update Boost version.  Define BOOST_CONFIG_SUPPRESS_OUTDATED_MESSAGE to suppress this message.
C:\Users\tado\Documents\of_v0.11.2_vs2017_release\libs\openFrameworks\math\ofMatrix4x4.h(326,20): warning C4267: 'argument': conversion from 'size_t' to 'int', possible loss of data (compiling source file ..\..\..\addons\ofxGui\src\ofxSlider.cpp)
C:\Users\tado\Documents\of_v0.11.2_vs2017_release\libs\openFrameworks\math\ofMatrix4x4.h(331,20): warning C4267: 'argument': conversion from 'size_t' to 'int', possible loss of data (compiling source file ..\..\..\addons\ofxGui\src\ofxSlider.cpp)
C:\Users\tado\Documents\of_v0.11.2_vs2017_release\libs\openFrameworks\math\ofMatrix4x4.h(912,11): warning C4267: 'argument': conversion from 'size_t' to 'int', possible loss of data (compiling source file ..\..\..\addons\ofxGui\src\ofxSlider.cpp)
C:\Users\tado\Documents\of_v0.11.2_vs2017_release\libs\openFrameworks\math\ofMatrix4x4.h(913,11): warning C4267: 'argument': conversion from 'size_t' to 'int', possible loss of data (compiling source file ..\..\..\addons\ofxGui\src\ofxSlider.cpp)
C:\Users\tado\Documents\of_v0.11.2_vs2017_release\libs\openFrameworks\math\ofMatrix4x4.h(914,11): warning C4267: 'argument': conversion from 'size_t' to 'int', possible loss of data (compiling source file ..\..\..\addons\ofxGui\src\ofxSlider.cpp)
C:\Users\tado\Documents\of_v0.11.2_vs2017_release\libs\openFrameworks\math\ofMatrix4x4.h(915,11): warning C4267: 'argument': conversion from 'size_t' to 'int', possible loss of data (compiling source file ..\..\..\addons\ofxGui\src\ofxSlider.cpp)
C:\Users\tado\Documents\of_v0.11.2_vs2017_release\libs\openFrameworks\math\ofMatrix4x4.h(326,20): warning C4267: 'argument': conversion from 'size_t' to 'int', possible loss of data (compiling source file ..\..\..\addons\ofxGui\src\ofxGuiGroup.cpp)
C:\Users\tado\Documents\of_v0.11.2_vs2017_release\libs\openFrameworks\math\ofMatrix4x4.h(331,20): warning C4267: 'argument': conversion from 'size_t' to 'int', possible loss of data (compiling source file ..\..\..\addons\ofxGui\src\ofxGuiGroup.cpp)
C:\Users\tado\Documents\of_v0.11.2_vs2017_release\libs\openFrameworks\math\ofMatrix4x4.h(912,11): warning C4267: 'argument': conversion from 'size_t' to 'int', possible loss of data (compiling source file ..\..\..\addons\ofxGui\src\ofxGuiGroup.cpp)
C:\Users\tado\Documents\of_v0.11.2_vs2017_release\libs\openFrameworks\math\ofMatrix4x4.h(913,11): warning C4267: 'argument': conversion from 'size_t' to 'int', possible loss of data (compiling source file ..\..\..\addons\ofxGui\src\ofxGuiGroup.cpp)
C:\Users\tado\Documents\of_v0.11.2_vs2017_release\libs\openFrameworks\math\ofMatrix4x4.h(914,11): warning C4267: 'argument': conversion from 'size_t' to 'int', possible loss of data (compiling source file ..\..\..\addons\ofxGui\src\ofxGuiGroup.cpp)
C:\Users\tado\Documents\of_v0.11.2_vs2017_release\libs\openFrameworks\math\ofMatrix4x4.h(915,11): warning C4267: 'argument': conversion from 'size_t' to 'int', possible loss of data (compiling source file ..\..\..\addons\ofxGui\src\ofxGuiGroup.cpp)
C:\Users\tado\Documents\of_v0.11.2_vs2017_release\libs\openFrameworks\math\ofMatrix4x4.h(326,20): warning C4267: 'argument': conversion from 'size_t' to 'int', possible loss of data (compiling source file ..\..\..\addons\ofxGui\src\ofxColorPicker.cpp)
C:\Users\tado\Documents\of_v0.11.2_vs2017_release\libs\openFrameworks\math\ofMatrix4x4.h(331,20): warning C4267: 'argument': conversion from 'size_t' to 'int', possible loss of data (compiling source file ..\..\..\addons\ofxGui\src\ofxColorPicker.cpp)
C:\Users\tado\Documents\of_v0.11.2_vs2017_release\libs\openFrameworks\math\ofMatrix4x4.h(326,20): warning C4267: 'argument': conversion from 'size_t' to 'int', possible loss of data (compiling source file ..\..\..\addons\ofxGui\src\ofxBaseGui.cpp)
C:\Users\tado\Documents\of_v0.11.2_vs2017_release\libs\openFrameworks\math\ofMatrix4x4.h(331,20): warning C4267: 'argument': conversion from 'size_t' to 'int', possible loss of data (compiling source file ..\..\..\addons\ofxGui\src\ofxBaseGui.cpp)
C:\Users\tado\Documents\of_v0.11.2_vs2017_release\libs\openFrameworks\math\ofMatrix4x4.h(912,11): warning C4267: 'argument': conversion from 'size_t' to 'int', possible loss of data (compiling source file ..\..\..\addons\ofxGui\src\ofxColorPicker.cpp)
C:\Users\tado\Documents\of_v0.11.2_vs2017_release\libs\openFrameworks\math\ofMatrix4x4.h(913,11): warning C4267: 'argument': conversion from 'size_t' to 'int', possible loss of data (compiling source file ..\..\..\addons\ofxGui\src\ofxColorPicker.cpp)
C:\Users\tado\Documents\of_v0.11.2_vs2017_release\libs\openFrameworks\math\ofMatrix4x4.h(914,11): warning C4267: 'argument': conversion from 'size_t' to 'int', possible loss of data (compiling source file ..\..\..\addons\ofxGui\src\ofxColorPicker.cpp)
C:\Users\tado\Documents\of_v0.11.2_vs2017_release\libs\openFrameworks\math\ofMatrix4x4.h(915,11): warning C4267: 'argument': conversion from 'size_t' to 'int', possible loss of data (compiling source file ..\..\..\addons\ofxGui\src\ofxColorPicker.cpp)
C:\Users\tado\Documents\of_v0.11.2_vs2017_release\libs\openFrameworks\math\ofMatrix4x4.h(912,11): warning C4267: 'argument': conversion from 'size_t' to 'int', possible loss of data (compiling source file ..\..\..\addons\ofxGui\src\ofxBaseGui.cpp)
C:\Users\tado\Documents\of_v0.11.2_vs2017_release\libs\openFrameworks\math\ofMatrix4x4.h(913,11): warning C4267: 'argument': conversion from 'size_t' to 'int', possible loss of data (compiling source file ..\..\..\addons\ofxGui\src\ofxBaseGui.cpp)
C:\Users\tado\Documents\of_v0.11.2_vs2017_release\libs\openFrameworks\math\ofMatrix4x4.h(914,11): warning C4267: 'argument': conversion from 'size_t' to 'int', possible loss of data (compiling source file ..\..\..\addons\ofxGui\src\ofxBaseGui.cpp)
C:\Users\tado\Documents\of_v0.11.2_vs2017_release\libs\openFrameworks\math\ofMatrix4x4.h(915,11): warning C4267: 'argument': conversion from 'size_t' to 'int', possible loss of data (compiling source file ..\..\..\addons\ofxGui\src\ofxBaseGui.cpp)
C:\Users\tado\Documents\of_v0.11.2_vs2017_release\libs\openFrameworks\math\ofMatrix4x4.h(326,20): warning C4267: 'argument': conversion from 'size_t' to 'int', possible loss of data (compiling source file ..\..\..\addons\ofxGui\src\ofxButton.cpp)
C:\Users\tado\Documents\of_v0.11.2_vs2017_release\libs\openFrameworks\math\ofMatrix4x4.h(331,20): warning C4267: 'argument': conversion from 'size_t' to 'int', possible loss of data (compiling source file ..\..\..\addons\ofxGui\src\ofxButton.cpp)
C:\Users\tado\Documents\of_v0.11.2_vs2017_release\libs\openFrameworks\math\ofMatrix4x4.h(912,11): warning C4267: 'argument': conversion from 'size_t' to 'int', possible loss of data (compiling source file ..\..\..\addons\ofxGui\src\ofxButton.cpp)
C:\Users\tado\Documents\of_v0.11.2_vs2017_release\libs\openFrameworks\math\ofMatrix4x4.h(913,11): warning C4267: 'argument': conversion from 'size_t' to 'int', possible loss of data (compiling source file ..\..\..\addons\ofxGui\src\ofxButton.cpp)
C:\Users\tado\Documents\of_v0.11.2_vs2017_release\libs\openFrameworks\math\ofMatrix4x4.h(914,11): warning C4267: 'argument': conversion from 'size_t' to 'int', possible loss of data (compiling source file ..\..\..\addons\ofxGui\src\ofxButton.cpp)
C:\Users\tado\Documents\of_v0.11.2_vs2017_release\libs\openFrameworks\math\ofMatrix4x4.h(915,11): warning C4267: 'argument': conversion from 'size_t' to 'int', possible loss of data (compiling source file ..\..\..\addons\ofxGui\src\ofxButton.cpp)
C:\Users\tado\Documents\of_v0.11.2_vs2017_release\libs\openFrameworks\math\ofMatrix4x4.h(326,20): warning C4267: 'argument': conversion from 'size_t' to 'int', possible loss of data (compiling source file ..\..\..\addons\ofxGui\src\ofxInputField.cpp)
C:\Users\tado\Documents\of_v0.11.2_vs2017_release\libs\openFrameworks\math\ofMatrix4x4.h(331,20): warning C4267: 'argument': conversion from 'size_t' to 'int', possible loss of data (compiling source file ..\..\..\addons\ofxGui\src\ofxInputField.cpp)
C:\Users\tado\Documents\of_v0.11.2_vs2017_release\libs\openFrameworks\math\ofMatrix4x4.h(326,20): warning C4267: 'argument': conversion from 'size_t' to 'int', possible loss of data (compiling source file ..\..\..\addons\ofxGui\src\ofxToggle.cpp)
C:\Users\tado\Documents\of_v0.11.2_vs2017_release\libs\openFrameworks\math\ofMatrix4x4.h(331,20): warning C4267: 'argument': conversion from 'size_t' to 'int', possible loss of data (compiling source file ..\..\..\addons\ofxGui\src\ofxToggle.cpp)
C:\Users\tado\Documents\of_v0.11.2_vs2017_release\libs\openFrameworks\math\ofMatrix4x4.h(912,11): warning C4267: 'argument': conversion from 'size_t' to 'int', possible loss of data (compiling source file ..\..\..\addons\ofxGui\src\ofxInputField.cpp)
C:\Users\tado\Documents\of_v0.11.2_vs2017_release\libs\openFrameworks\math\ofMatrix4x4.h(913,11): warning C4267: 'argument': conversion from 'size_t' to 'int', possible loss of data (compiling source file ..\..\..\addons\ofxGui\src\ofxInputField.cpp)
C:\Users\tado\Documents\of_v0.11.2_vs2017_release\libs\openFrameworks\math\ofMatrix4x4.h(914,11): warning C4267: 'argument': conversion from 'size_t' to 'int', possible loss of data (compiling source file ..\..\..\addons\ofxGui\src\ofxInputField.cpp)
C:\Users\tado\Documents\of_v0.11.2_vs2017_release\libs\openFrameworks\math\ofMatrix4x4.h(915,11): warning C4267: 'argument': conversion from 'size_t' to 'int', possible loss of data (compiling source file ..\..\..\addons\ofxGui\src\ofxInputField.cpp)
C:\Users\tado\Documents\of_v0.11.2_vs2017_release\libs\openFrameworks\math\ofMatrix4x4.h(912,11): warning C4267: 'argument': conversion from 'size_t' to 'int', possible loss of data (compiling source file ..\..\..\addons\ofxGui\src\ofxToggle.cpp)
C:\Users\tado\Documents\of_v0.11.2_vs2017_release\libs\openFrameworks\math\ofMatrix4x4.h(326,20): warning C4267: 'argument': conversion from 'size_t' to 'int', possible loss of data (compiling source file ..\..\..\addons\ofxGui\src\ofxSliderGroup.cpp)
C:\Users\tado\Documents\of_v0.11.2_vs2017_release\libs\openFrameworks\math\ofMatrix4x4.h(913,11): warning C4267: 'argument': conversion from 'size_t' to 'int', possible loss of data (compiling source file ..\..\..\addons\ofxGui\src\ofxToggle.cpp)
C:\Users\tado\Documents\of_v0.11.2_vs2017_release\libs\openFrameworks\math\ofMatrix4x4.h(331,20): warning C4267: 'argument': conversion from 'size_t' to 'int', possible loss of data (compiling source file ..\..\..\addons\ofxGui\src\ofxSliderGroup.cpp)
C:\Users\tado\Documents\of_v0.11.2_vs2017_release\libs\openFrameworks\math\ofMatrix4x4.h(914,11): warning C4267: 'argument': conversion from 'size_t' to 'int', possible loss of data (compiling source file ..\..\..\addons\ofxGui\src\ofxToggle.cpp)
C:\Users\tado\Documents\of_v0.11.2_vs2017_release\libs\openFrameworks\math\ofMatrix4x4.h(915,11): warning C4267: 'argument': conversion from 'size_t' to 'int', possible loss of data (compiling source file ..\..\..\addons\ofxGui\src\ofxToggle.cpp)
C:\Users\tado\Documents\of_v0.11.2_vs2017_release\libs\openFrameworks\math\ofMatrix4x4.h(326,20): warning C4267: 'argument': conversion from 'size_t' to 'int', possible loss of data (compiling source file ..\..\..\addons\ofxGui\src\ofxLabel.cpp)
C:\Users\tado\Documents\of_v0.11.2_vs2017_release\libs\openFrameworks\math\ofMatrix4x4.h(331,20): warning C4267: 'argument': conversion from 'size_t' to 'int', possible loss of data (compiling source file ..\..\..\addons\ofxGui\src\ofxLabel.cpp)
C:\Users\tado\Documents\of_v0.11.2_vs2017_release\libs\openFrameworks\math\ofMatrix4x4.h(912,11): warning C4267: 'argument': conversion from 'size_t' to 'int', possible loss of data (compiling source file ..\..\..\addons\ofxGui\src\ofxSliderGroup.cpp)
C:\Users\tado\Documents\of_v0.11.2_vs2017_release\libs\openFrameworks\math\ofMatrix4x4.h(913,11): warning C4267: 'argument': conversion from 'size_t' to 'int', possible loss of data (compiling source file ..\..\..\addons\ofxGui\src\ofxSliderGroup.cpp)
C:\Users\tado\Documents\of_v0.11.2_vs2017_release\libs\openFrameworks\math\ofMatrix4x4.h(326,20): warning C4267: 'argument': conversion from 'size_t' to 'int', possible loss of data (compiling source file ..\..\..\addons\ofxGui\src\ofxPanel.cpp)
C:\Users\tado\Documents\of_v0.11.2_vs2017_release\libs\openFrameworks\math\ofMatrix4x4.h(914,11): warning C4267: 'argument': conversion from 'size_t' to 'int', possible loss of data (compiling source file ..\..\..\addons\ofxGui\src\ofxSliderGroup.cpp)
C:\Users\tado\Documents\of_v0.11.2_vs2017_release\libs\openFrameworks\math\ofMatrix4x4.h(915,11): warning C4267: 'argument': conversion from 'size_t' to 'int', possible loss of data (compiling source file ..\..\..\addons\ofxGui\src\ofxSliderGroup.cpp)
C:\Users\tado\Documents\of_v0.11.2_vs2017_release\libs\openFrameworks\math\ofMatrix4x4.h(331,20): warning C4267: 'argument': conversion from 'size_t' to 'int', possible loss of data (compiling source file ..\..\..\addons\ofxGui\src\ofxPanel.cpp)
C:\Users\tado\Documents\of_v0.11.2_vs2017_release\libs\openFrameworks\math\ofMatrix4x4.h(912,11): warning C4267: 'argument': conversion from 'size_t' to 'int', possible loss of data (compiling source file ..\..\..\addons\ofxGui\src\ofxLabel.cpp)
C:\Users\tado\Documents\of_v0.11.2_vs2017_release\libs\openFrameworks\math\ofMatrix4x4.h(913,11): warning C4267: 'argument': conversion from 'size_t' to 'int', possible loss of data (compiling source file ..\..\..\addons\ofxGui\src\ofxLabel.cpp)
C:\Users\tado\Documents\of_v0.11.2_vs2017_release\libs\openFrameworks\math\ofMatrix4x4.h(914,11): warning C4267: 'argument': conversion from 'size_t' to 'int', possible loss of data (compiling source file ..\..\..\addons\ofxGui\src\ofxLabel.cpp)
C:\Users\tado\Documents\of_v0.11.2_vs2017_release\libs\openFrameworks\math\ofMatrix4x4.h(915,11): warning C4267: 'argument': conversion from 'size_t' to 'int', possible loss of data (compiling source file ..\..\..\addons\ofxGui\src\ofxLabel.cpp)
C:\Users\tado\Documents\of_v0.11.2_vs2017_release\libs\openFrameworks\math\ofMatrix4x4.h(912,11): warning C4267: 'argument': conversion from 'size_t' to 'int', possible loss of data (compiling source file ..\..\..\addons\ofxGui\src\ofxPanel.cpp)
C:\Users\tado\Documents\of_v0.11.2_vs2017_release\libs\openFrameworks\math\ofMatrix4x4.h(913,11): warning C4267: 'argument': conversion from 'size_t' to 'int', possible loss of data (compiling source file ..\..\..\addons\ofxGui\src\ofxPanel.cpp)
C:\Users\tado\Documents\of_v0.11.2_vs2017_release\libs\openFrameworks\math\ofMatrix4x4.h(914,11): warning C4267: 'argument': conversion from 'size_t' to 'int', possible loss of data (compiling source file ..\..\..\addons\ofxGui\src\ofxPanel.cpp)
C:\Users\tado\Documents\of_v0.11.2_vs2017_release\libs\openFrameworks\math\ofMatrix4x4.h(915,11): warning C4267: 'argument': conversion from 'size_t' to 'int', possible loss of data (compiling source file ..\..\..\addons\ofxGui\src\ofxPanel.cpp)
C:\Users\tado\Documents\of_v0.11.2_vs2017_release\addons\ofxGui\src\ofxColorPicker.cpp(215,44): warning C4267: 'argument': conversion from 'size_t' to 'int', possible loss of data
C:\Users\tado\Documents\of_v0.11.2_vs2017_release\addons\ofxGui\src\ofxColorPicker.cpp(194,51): message : while compiling class template member function 'ofMesh ofxColorPicker_<unsigned char>::getColorPoint(void)'
C:\Users\tado\Documents\of_v0.11.2_vs2017_release\addons\ofxGui\src\ofxColorPicker.cpp(486,17): message : see the first reference to 'ofxColorPicker_<unsigned char>::getColorPoint' in 'ofxColorPicker_<unsigned char>::generateDraw'
C:\Users\tado\Documents\of_v0.11.2_vs2017_release\addons\ofxGui\src\ofxColorPicker.cpp(491,46): message : see reference to class template instantiation 'ofxColorPicker_<unsigned char>' being compiled
C:\Users\tado\Documents\of_v0.11.2_vs2017_release\addons\ofxGui\src\ofxColorPicker.cpp(216,44): warning C4267: 'argument': conversion from 'size_t' to 'int', possible loss of data
C:\Users\tado\Documents\of_v0.11.2_vs2017_release\addons\ofxGui\src\ofxColorPicker.cpp(225,44): warning C4267: 'argument': conversion from 'size_t' to 'int', possible loss of data
C:\Users\tado\Documents\of_v0.11.2_vs2017_release\addons\ofxGui\src\ofxColorPicker.cpp(226,44): warning C4267: 'argument': conversion from 'size_t' to 'int', possible loss of data
C:\Users\tado\Documents\of_v0.11.2_vs2017_release\addons\ofxGui\src\ofxColorPicker.cpp(245,44): warning C4267: 'argument': conversion from 'size_t' to 'int', possible loss of data
C:\Users\tado\Documents\of_v0.11.2_vs2017_release\addons\ofxGui\src\ofxColorPicker.cpp(236,52): message : while compiling class template member function 'ofMesh ofxColorPicker_<unsigned char>::getColorWheel(void)'
C:\Users\tado\Documents\of_v0.11.2_vs2017_release\addons\ofxGui\src\ofxColorPicker.cpp(485,17): message : see the first reference to 'ofxColorPicker_<unsigned char>::getColorWheel' in 'ofxColorPicker_<unsigned char>::generateDraw'
C:\Users\tado\Documents\of_v0.11.2_vs2017_release\addons\ofxGui\src\ofxColorPicker.cpp(246,44): warning C4267: 'argument': conversion from 'size_t' to 'int', possible loss of data
C:\Users\tado\Documents\of_v0.11.2_vs2017_release\addons\ofxGui\src\ofxInputField.cpp(370,43): warning C4267: 'argument': conversion from 'size_t' to 'int', possible loss of data
C:\Users\tado\Documents\of_v0.11.2_vs2017_release\addons\ofxGui\src\ofxInputField.cpp(352,65): message : while compiling class template member function 'bool ofxInputField<float>::mousePressed(ofMouseEventArgs &)'
C:\Users\tado\Documents\of_v0.11.2_vs2017_release\addons\ofxGui\src\ofxInputField.cpp(805,36): message : see reference to class template instantiation 'ofxInputField<float>' being compiled
C:\Users\tado\Documents\of_v0.11.2_vs2017_release\addons\ofxGui\src\ofxInputField.cpp(531,42): warning C4267: 'argument': conversion from 'size_t' to 'int', possible loss of data
C:\Users\tado\Documents\of_v0.11.2_vs2017_release\addons\ofxGui\src\ofxInputField.cpp(472,60): message : while compiling class template member function 'bool ofxInputField<float>::keyPressed(ofKeyEventArgs &)'
C:\Users\tado\Documents\of_v0.11.2_vs2017_release\addons\ofxGui\src\ofxInputField.cpp(558,44): warning C4267: 'argument': conversion from 'size_t' to 'int', possible loss of data
C:\Users\tado\Documents\of_v0.11.2_vs2017_release\addons\ofxGui\src\ofxInputField.cpp(560,16): warning C4267: 'argument': conversion from 'size_t' to 'int', possible loss of data
C:\Users\tado\Documents\of_v0.11.2_vs2017_release\addons\ofxGui\src\ofxInputField.cpp(776,26): warning C4267: 'argument': conversion from 'size_t' to 'int', possible loss of data
C:\Users\tado\Documents\of_v0.11.2_vs2017_release\addons\ofxGui\src\ofxInputField.cpp(773,53): message : while compiling class template member function 'void ofxInputField<float>::valueChanged(Type &)'
          with
          [
              Type=float
          ]
C:\Users\tado\Documents\of_v0.11.2_vs2017_release\addons\ofxGui\src\ofxInputField.cpp(148,16): message : see the first reference to 'ofxInputField<float>::valueChanged' in 'ofxInputField<float>::setup'
C:\Users\tado\Documents\of_v0.11.2_vs2017_release\addons\ofxGui\src\ofxInputField.cpp(130,7): message : see the first reference to 'ofxInputField<float>::setup' in 'ofxInputField<float>::ofxInputField'
C:\Users\tado\Documents\of_v0.11.2_vs2017_release\libs\openFrameworks\graphics\ofPolyline.inl(409,69): warning C4267: '=': conversion from 'size_t' to 'int', possible loss of data (compiling source file ..\..\..\addons\ofxGui\src\ofxColorPicker.cpp)
C:\Users\tado\Documents\of_v0.11.2_vs2017_release\libs\openFrameworks\graphics\ofPolyline.inl(331,145): message : while compiling class template member function 'void ofPolyline_<ofDefaultVertexType>::arc(const T &,float,float,float,float,bool,int)'
          with
          [
              T=ofDefaultVertexType
          ] (compiling source file ..\..\..\addons\ofxGui\src\ofxColorPicker.cpp)
C:\Users\tado\Documents\of_v0.11.2_vs2017_release\addons\ofxGui\src\ofxColorPicker.cpp(194,51): message : while compiling class template member function 'ofMesh ofxColorPicker_<unsigned char>::getColorPoint(void)'
C:\Users\tado\Documents\of_v0.11.2_vs2017_release\addons\ofxGui\src\ofxColorPicker.cpp(486,17): message : see the first reference to 'ofxColorPicker_<unsigned char>::getColorPoint' in 'ofxColorPicker_<unsigned char>::generateDraw'
C:\Users\tado\Documents\of_v0.11.2_vs2017_release\addons\ofxGui\src\ofxSliderGroup.cpp(26,41): warning C4267: 'argument': conversion from 'size_t' to 'glm::vec<3,float,glm::packed_highp>::length_type', possible loss of data
C:\Users\tado\Documents\of_v0.11.2_vs2017_release\addons\ofxGui\src\ofxSliderGroup.cpp(11,110): message : while compiling class template member function 'ofxVecSlider_<ofDefaultVec3> *ofxVecSlider_<ofDefaultVec3>::setup(ofParameter<ofDefaultVec3>,float,float)'
C:\Users\tado\Documents\of_v0.11.2_vs2017_release\addons\ofxGui\src\ofxSliderGroup.cpp(7,10): message : see the first reference to 'ofxVecSlider_<ofDefaultVec3>::setup' in 'ofxVecSlider_<ofDefaultVec3>::ofxVecSlider_'
C:\Users\tado\Documents\of_v0.11.2_vs2017_release\addons\ofxGui\src\ofxSliderGroup.cpp(69): message : see reference to class template instantiation 'ofxVecSlider_<ofDefaultVec3>' being compiled
C:\Users\tado\Documents\of_v0.11.2_vs2017_release\addons\ofxGui\src\ofxSliderGroup.cpp(26,49): warning C4267: 'argument': conversion from 'size_t' to 'glm::vec<3,float,glm::packed_highp>::length_type', possible loss of data
C:\Users\tado\Documents\of_v0.11.2_vs2017_release\addons\ofxGui\src\ofxSliderGroup.cpp(26,57): warning C4267: 'argument': conversion from 'size_t' to 'glm::vec<3,float,glm::packed_highp>::length_type', possible loss of data
C:\Users\tado\Documents\of_v0.11.2_vs2017_release\addons\ofxGui\src\ofxSliderGroup.cpp(59,54): warning C4267: 'argument': conversion from 'size_t' to 'glm::vec<3,float,glm::packed_highp>::length_type', possible loss of data
C:\Users\tado\Documents\of_v0.11.2_vs2017_release\addons\ofxGui\src\ofxSliderGroup.cpp(54,58): message : while compiling class template member function 'void ofxVecSlider_<ofDefaultVec3>::changeValue(VecType &)'
          with
          [
              VecType=ofDefaultVec3
          ]
C:\Users\tado\Documents\of_v0.11.2_vs2017_release\addons\ofxGui\src\ofxSliderGroup.cpp(19,16): message : see the first reference to 'ofxVecSlider_<ofDefaultVec3>::changeValue' in 'ofxVecSlider_<ofDefaultVec3>::setup'
C:\Users\tado\Documents\of_v0.11.2_vs2017_release\addons\ofxGui\src\ofxSliderGroup.cpp(7,10): message : see the first reference to 'ofxVecSlider_<ofDefaultVec3>::setup' in 'ofxVecSlider_<ofDefaultVec3>::ofxVecSlider_'
C:\Users\tado\Documents\of_v0.11.2_vs2017_release\addons\ofxGui\src\ofxSliderGroup.cpp(26,41): warning C4267: 'argument': conversion from 'size_t' to 'glm::vec<2,float,glm::packed_highp>::length_type', possible loss of data
C:\Users\tado\Documents\of_v0.11.2_vs2017_release\addons\ofxGui\src\ofxSliderGroup.cpp(11,110): message : while compiling class template member function 'ofxVecSlider_<ofDefaultVec2> *ofxVecSlider_<ofDefaultVec2>::setup(ofParameter<ofDefaultVec2>,float,float)'
C:\Users\tado\Documents\of_v0.11.2_vs2017_release\addons\ofxGui\src\ofxSliderGroup.cpp(7,10): message : see the first reference to 'ofxVecSlider_<ofDefaultVec2>::setup' in 'ofxVecSlider_<ofDefaultVec2>::ofxVecSlider_'
C:\Users\tado\Documents\of_v0.11.2_vs2017_release\addons\ofxGui\src\ofxSliderGroup.cpp(64): message : see reference to class template instantiation 'ofxVecSlider_<ofDefaultVec2>' being compiled
C:\Users\tado\Documents\of_v0.11.2_vs2017_release\addons\ofxGui\src\ofxSliderGroup.cpp(26,49): warning C4267: 'argument': conversion from 'size_t' to 'glm::vec<2,float,glm::packed_highp>::length_type', possible loss of data
C:\Users\tado\Documents\of_v0.11.2_vs2017_release\addons\ofxGui\src\ofxSliderGroup.cpp(26,57): warning C4267: 'argument': conversion from 'size_t' to 'glm::vec<2,float,glm::packed_highp>::length_type', possible loss of data
C:\Users\tado\Documents\of_v0.11.2_vs2017_release\addons\ofxGui\src\ofxSliderGroup.cpp(59,54): warning C4267: 'argument': conversion from 'size_t' to 'glm::vec<2,float,glm::packed_highp>::length_type', possible loss of data
C:\Users\tado\Documents\of_v0.11.2_vs2017_release\addons\ofxGui\src\ofxSliderGroup.cpp(54,58): message : while compiling class template member function 'void ofxVecSlider_<ofDefaultVec2>::changeValue(VecType &)'
          with
          [
              VecType=ofDefaultVec2
          ]
C:\Users\tado\Documents\of_v0.11.2_vs2017_release\addons\ofxGui\src\ofxSliderGroup.cpp(19,16): message : see the first reference to 'ofxVecSlider_<ofDefaultVec2>::changeValue' in 'ofxVecSlider_<ofDefaultVec2>::setup'
C:\Users\tado\Documents\of_v0.11.2_vs2017_release\addons\ofxGui\src\ofxSliderGroup.cpp(7,10): message : see the first reference to 'ofxVecSlider_<ofDefaultVec2>::setup' in 'ofxVecSlider_<ofDefaultVec2>::ofxVecSlider_'
C:\Users\tado\Documents\of_v0.11.2_vs2017_release\addons\ofxGui\src\ofxSliderGroup.cpp(26,41): warning C4267: 'argument': conversion from 'size_t' to 'glm::vec<4,float,glm::packed_highp>::length_type', possible loss of data
C:\Users\tado\Documents\of_v0.11.2_vs2017_release\addons\ofxGui\src\ofxSliderGroup.cpp(11,110): message : while compiling class template member function 'ofxVecSlider_<ofDefaultVec4> *ofxVecSlider_<ofDefaultVec4>::setup(ofParameter<ofDefaultVec4>,float,float)'
C:\Users\tado\Documents\of_v0.11.2_vs2017_release\addons\ofxGui\src\ofxSliderGroup.cpp(7,10): message : see the first reference to 'ofxVecSlider_<ofDefaultVec4>::setup' in 'ofxVecSlider_<ofDefaultVec4>::ofxVecSlider_'
C:\Users\tado\Documents\of_v0.11.2_vs2017_release\addons\ofxGui\src\ofxSliderGroup.cpp(74): message : see reference to class template instantiation 'ofxVecSlider_<ofDefaultVec4>' being compiled
C:\Users\tado\Documents\of_v0.11.2_vs2017_release\addons\ofxGui\src\ofxSliderGroup.cpp(26,49): warning C4267: 'argument': conversion from 'size_t' to 'glm::vec<4,float,glm::packed_highp>::length_type', possible loss of data
C:\Users\tado\Documents\of_v0.11.2_vs2017_release\addons\ofxGui\src\ofxSliderGroup.cpp(26,57): warning C4267: 'argument': conversion from 'size_t' to 'glm::vec<4,float,glm::packed_highp>::length_type', possible loss of data
C:\Users\tado\Documents\of_v0.11.2_vs2017_release\addons\ofxGui\src\ofxSliderGroup.cpp(59,54): warning C4267: 'argument': conversion from 'size_t' to 'glm::vec<4,float,glm::packed_highp>::length_type', possible loss of data
C:\Users\tado\Documents\of_v0.11.2_vs2017_release\addons\ofxGui\src\ofxSliderGroup.cpp(54,58): message : while compiling class template member function 'void ofxVecSlider_<ofDefaultVec4>::changeValue(VecType &)'
          with
          [
              VecType=ofDefaultVec4
          ]
C:\Users\tado\Documents\of_v0.11.2_vs2017_release\addons\ofxGui\src\ofxSliderGroup.cpp(19,16): message : see the first reference to 'ofxVecSlider_<ofDefaultVec4>::changeValue' in 'ofxVecSlider_<ofDefaultVec4>::setup'
C:\Users\tado\Documents\of_v0.11.2_vs2017_release\addons\ofxGui\src\ofxSliderGroup.cpp(7,10): message : see the first reference to 'ofxVecSlider_<ofDefaultVec4>::setup' in 'ofxVecSlider_<ofDefaultVec4>::ofxVecSlider_'
C:\Users\tado\Documents\of_v0.11.2_vs2017_release\addons\ofxGui\src\ofxSliderGroup.cpp(26,41): warning C4267: 'argument': conversion from 'size_t' to 'int', possible loss of data
C:\Users\tado\Documents\of_v0.11.2_vs2017_release\addons\ofxGui\src\ofxSliderGroup.cpp(11,110): message : while compiling class template member function 'ofxVecSlider_<ofVec2f> *ofxVecSlider_<ofVec2f>::setup(ofParameter<ofVec2f>,float,float)'
C:\Users\tado\Documents\of_v0.11.2_vs2017_release\addons\ofxGui\src\ofxSliderGroup.cpp(7,10): message : see the first reference to 'ofxVecSlider_<ofVec2f>::setup' in 'ofxVecSlider_<ofVec2f>::ofxVecSlider_'
C:\Users\tado\Documents\of_v0.11.2_vs2017_release\addons\ofxGui\src\ofxSliderGroup.cpp(79): message : see reference to class template instantiation 'ofxVecSlider_<ofVec2f>' being compiled
C:\Users\tado\Documents\of_v0.11.2_vs2017_release\addons\ofxGui\src\ofxSliderGroup.cpp(26,49): warning C4267: 'argument': conversion from 'size_t' to 'int', possible loss of data
C:\Users\tado\Documents\of_v0.11.2_vs2017_release\addons\ofxGui\src\ofxSliderGroup.cpp(26,57): warning C4267: 'argument': conversion from 'size_t' to 'int', possible loss of data
C:\Users\tado\Documents\of_v0.11.2_vs2017_release\addons\ofxGui\src\ofxSliderGroup.cpp(59,54): warning C4267: 'argument': conversion from 'size_t' to 'int', possible loss of data
C:\Users\tado\Documents\of_v0.11.2_vs2017_release\addons\ofxGui\src\ofxSliderGroup.cpp(54,58): message : while compiling class template member function 'void ofxVecSlider_<ofVec2f>::changeValue(VecType &)'
          with
          [
              VecType=ofVec2f
          ]
C:\Users\tado\Documents\of_v0.11.2_vs2017_release\addons\ofxGui\src\ofxSliderGroup.cpp(19,16): message : see the first reference to 'ofxVecSlider_<ofVec2f>::changeValue' in 'ofxVecSlider_<ofVec2f>::setup'
C:\Users\tado\Documents\of_v0.11.2_vs2017_release\addons\ofxGui\src\ofxSliderGroup.cpp(7,10): message : see the first reference to 'ofxVecSlider_<ofVec2f>::setup' in 'ofxVecSlider_<ofVec2f>::ofxVecSlider_'
     Creating library bin\03_faceFollow.lib and object bin\03_faceFollow.exp
  LINK : /LTCG specified but no code generation required; remove /LTCG from the link command line to improve linker performance
  03_faceFollow.vcxproj -> C:\Users\tado\Documents\of_v0.11.2_vs2017_release\apps\07_ofxCv\03_faceFollow\bin\03_faceFollow.exe
  
  	                   2	C:\Users\tado\Documents\of_v0.11.2_vs2017_release\libs\fmod\lib\vs\x64\
  	    New File  		 1826304	C:\Users\tado\Documents\of_v0.11.2_vs2017_release\libs\fmod\lib\vs\x64\fmod.dll
  	    New File  		 2041856	C:\Users\tado\Documents\of_v0.11.2_vs2017_release\libs\fmod\lib\vs\x64\fmodL.dll
  
  	                   1	C:\Users\tado\Documents\of_v0.11.2_vs2017_release\libs\FreeImage\lib\vs\x64\
  	  *EXTRA File 		 1826304	C:\Users\tado\Documents\of_v0.11.2_vs2017_release\apps\07_ofxCv\03_faceFollow\bin\fmod.dll
  	  *EXTRA File 		 2041856	C:\Users\tado\Documents\of_v0.11.2_vs2017_release\apps\07_ofxCv\03_faceFollow\bin\fmodL.dll
  	    New File  		 6942208	C:\Users\tado\Documents\of_v0.11.2_vs2017_release\libs\FreeImage\lib\vs\x64\FreeImage.dll
