  ofApp.cpp
C:\Users\tadok\Documents\of_v0.12.0_vs_release\libs\openFrameworks\math\ofMatrix4x4.h(326,20): warning C4267: 'argument': conversion from 'size_t' to 'int', possible loss of data
  (compiling source file 'src/ofApp.cpp')
  
C:\Users\tadok\Documents\of_v0.12.0_vs_release\libs\openFrameworks\math\ofMatrix4x4.h(331,20): warning C4267: 'argument': conversion from 'size_t' to 'int', possible loss of data
  (compiling source file 'src/ofApp.cpp')
  
C:\Users\tadok\Documents\of_v0.12.0_vs_release\libs\openFrameworks\math\ofMatrix4x4.h(912,11): warning C4267: 'argument': conversion from 'size_t' to 'int', possible loss of data
  (compiling source file 'src/ofApp.cpp')
  
C:\Users\tadok\Documents\of_v0.12.0_vs_release\libs\openFrameworks\math\ofMatrix4x4.h(913,11): warning C4267: 'argument': conversion from 'size_t' to 'int', possible loss of data
  (compiling source file 'src/ofApp.cpp')
  
C:\Users\tadok\Documents\of_v0.12.0_vs_release\libs\openFrameworks\math\ofMatrix4x4.h(914,11): warning C4267: 'argument': conversion from 'size_t' to 'int', possible loss of data
  (compiling source file 'src/ofApp.cpp')
  
C:\Users\tadok\Documents\of_v0.12.0_vs_release\libs\openFrameworks\math\ofMatrix4x4.h(915,11): warning C4267: 'argument': conversion from 'size_t' to 'int', possible loss of data
  (compiling source file 'src/ofApp.cpp')
  
C:\Users\tadok\Documents\of_v0.12.0_vs_release\apps\13_ofSoundPlayerFFT\03_SimpleFFTLog\src\ofApp.cpp(5,10): warning C4996: 'ofSoundPlayer::loadSound': Use load
  LINK : /LTCG specified but no code generation required; remove /LTCG from the link command line to improve linker performance
  03_SimpleFFTLog.vcxproj -> C:\Users\tadok\Documents\of_v0.12.0_vs_release\apps\13_ofSoundPlayerFFT\03_SimpleFFTLog\bin\03_SimpleFFTLog.exe
  
  	                   2	C:\Users\tadok\Documents\of_v0.12.0_vs_release\libs\fmod\lib\vs\x64\
  	  *EXTRA File 		 6942208	C:\Users\tadok\Documents\of_v0.12.0_vs_release\apps\13_ofSoundPlayerFFT\03_SimpleFFTLog\bin\FreeImage.dll
  
  	                   1	C:\Users\tadok\Documents\of_v0.12.0_vs_release\libs\FreeImage\lib\vs\x64\
  	  *EXTRA File 		 1826304	C:\Users\tadok\Documents\of_v0.12.0_vs_release\apps\13_ofSoundPlayerFFT\03_SimpleFFTLog\bin\fmod.dll
  	  *EXTRA File 		 2041856	C:\Users\tadok\Documents\of_v0.12.0_vs_release\apps\13_ofSoundPlayerFFT\03_SimpleFFTLog\bin\fmodL.dll
